Connecting to database specified by database.yml


Started GET "/assets/rails.png" for 127.0.0.1 at 2013-11-01 13:19:47 -0500
Connecting to database specified by database.yml
Served asset /rails.png - 200 OK (4ms)


Started GET "/posts" for 127.0.0.1 at 2013-11-01 13:21:56 -0500
Processing by PostsController#index as HTML
Completed 500 Internal Server Error in 11ms

ActiveRecord::StatementInvalid (Could not find table 'posts'):
  app/controllers/posts_controller.rb:5:in `index'


  Rendered /Users/Thaddeus/.rvm/gems/ruby-2.0.0-p247/gems/actionpack-3.2.12/lib/action_dispatch/middleware/templates/rescues/_trace.erb (1.1ms)
  Rendered /Users/Thaddeus/.rvm/gems/ruby-2.0.0-p247/gems/actionpack-3.2.12/lib/action_dispatch/middleware/templates/rescues/_request_and_response.erb (0.8ms)
  Rendered /Users/Thaddeus/.rvm/gems/ruby-2.0.0-p247/gems/actionpack-3.2.12/lib/action_dispatch/middleware/templates/rescues/diagnostics.erb within rescues/layout (8.5ms)


Started GET "/post" for 127.0.0.1 at 2013-11-01 13:22:00 -0500

ActionController::RoutingError (No route matches [GET] "/post"):
  actionpack (3.2.12) lib/action_dispatch/middleware/debug_exceptions.rb:21:in `call'
  actionpack (3.2.12) lib/action_dispatch/middleware/show_exceptions.rb:56:in `call'
  railties (3.2.12) lib/rails/rack/logger.rb:32:in `call_app'
  railties (3.2.12) lib/rails/rack/logger.rb:16:in `block in call'
  activesupport (3.2.12) lib/active_support/tagged_logging.rb:22:in `tagged'
  railties (3.2.12) lib/rails/rack/logger.rb:16:in `call'
  actionpack (3.2.12) lib/action_dispatch/middleware/request_id.rb:22:in `call'
  rack (1.4.5) lib/rack/methodoverride.rb:21:in `call'
  rack (1.4.5) lib/rack/runtime.rb:17:in `call'
  activesupport (3.2.12) lib/active_support/cache/strategy/local_cache.rb:72:in `call'
  rack (1.4.5) lib/rack/lock.rb:15:in `call'
  actionpack (3.2.12) lib/action_dispatch/middleware/static.rb:62:in `call'
  railties (3.2.12) lib/rails/engine.rb:479:in `call'
  railties (3.2.12) lib/rails/application.rb:223:in `call'
  rack (1.4.5) lib/rack/content_length.rb:14:in `call'
  railties (3.2.12) lib/rails/rack/log_tailer.rb:17:in `call'
  rack (1.4.5) lib/rack/handler/webrick.rb:59:in `service'
  /Users/Thaddeus/.rvm/rubies/ruby-2.0.0-p247/lib/ruby/2.0.0/webrick/httpserver.rb:138:in `service'
  /Users/Thaddeus/.rvm/rubies/ruby-2.0.0-p247/lib/ruby/2.0.0/webrick/httpserver.rb:94:in `run'
  /Users/Thaddeus/.rvm/rubies/ruby-2.0.0-p247/lib/ruby/2.0.0/webrick/server.rb:295:in `block in start_thread'


  Rendered /Users/Thaddeus/.rvm/gems/ruby-2.0.0-p247/gems/actionpack-3.2.12/lib/action_dispatch/middleware/templates/rescues/routing_error.erb within rescues/layout (0.6ms)


Started GET "/post" for 127.0.0.1 at 2013-11-01 13:39:17 -0500

ActionController::RoutingError (No route matches [GET] "/post"):
  actionpack (3.2.12) lib/action_dispatch/middleware/debug_exceptions.rb:21:in `call'
  actionpack (3.2.12) lib/action_dispatch/middleware/show_exceptions.rb:56:in `call'
  railties (3.2.12) lib/rails/rack/logger.rb:32:in `call_app'
  railties (3.2.12) lib/rails/rack/logger.rb:16:in `block in call'
  activesupport (3.2.12) lib/active_support/tagged_logging.rb:22:in `tagged'
  railties (3.2.12) lib/rails/rack/logger.rb:16:in `call'
  actionpack (3.2.12) lib/action_dispatch/middleware/request_id.rb:22:in `call'
  rack (1.4.5) lib/rack/methodoverride.rb:21:in `call'
  rack (1.4.5) lib/rack/runtime.rb:17:in `call'
  activesupport (3.2.12) lib/active_support/cache/strategy/local_cache.rb:72:in `call'
  rack (1.4.5) lib/rack/lock.rb:15:in `call'
  actionpack (3.2.12) lib/action_dispatch/middleware/static.rb:62:in `call'
  railties (3.2.12) lib/rails/engine.rb:479:in `call'
  railties (3.2.12) lib/rails/application.rb:223:in `call'
  rack (1.4.5) lib/rack/content_length.rb:14:in `call'
  railties (3.2.12) lib/rails/rack/log_tailer.rb:17:in `call'
  rack (1.4.5) lib/rack/handler/webrick.rb:59:in `service'
  /Users/Thaddeus/.rvm/rubies/ruby-2.0.0-p247/lib/ruby/2.0.0/webrick/httpserver.rb:138:in `service'
  /Users/Thaddeus/.rvm/rubies/ruby-2.0.0-p247/lib/ruby/2.0.0/webrick/httpserver.rb:94:in `run'
  /Users/Thaddeus/.rvm/rubies/ruby-2.0.0-p247/lib/ruby/2.0.0/webrick/server.rb:295:in `block in start_thread'


  Rendered /Users/Thaddeus/.rvm/gems/ruby-2.0.0-p247/gems/actionpack-3.2.12/lib/action_dispatch/middleware/templates/rescues/routing_error.erb within rescues/layout (0.6ms)


Started GET "/posts" for 127.0.0.1 at 2013-11-01 13:39:51 -0500
Connecting to database specified by database.yml
Processing by PostsController#index as HTML
Completed 500 Internal Server Error in 10ms

ActiveRecord::StatementInvalid (Could not find table 'posts'):
  app/controllers/posts_controller.rb:5:in `index'


  Rendered /Users/Thaddeus/.rvm/gems/ruby-2.0.0-p247/gems/actionpack-3.2.12/lib/action_dispatch/middleware/templates/rescues/_trace.erb (1.0ms)
  Rendered /Users/Thaddeus/.rvm/gems/ruby-2.0.0-p247/gems/actionpack-3.2.12/lib/action_dispatch/middleware/templates/rescues/_request_and_response.erb (0.8ms)
  Rendered /Users/Thaddeus/.rvm/gems/ruby-2.0.0-p247/gems/actionpack-3.2.12/lib/action_dispatch/middleware/templates/rescues/diagnostics.erb within rescues/layout (7.5ms)
Connecting to database specified by database.yml
  [1m[36m (0.1ms)[0m  [1mselect sqlite_version(*)[0m
  [1m[35m (108.1ms)[0m  CREATE TABLE "schema_migrations" ("version" varchar(255) NOT NULL) 
  [1m[36m (3.5ms)[0m  [1mCREATE UNIQUE INDEX "unique_schema_migrations" ON "schema_migrations" ("version")[0m
  [1m[35m (0.2ms)[0m  SELECT "schema_migrations"."version" FROM "schema_migrations" 
Migrating to CreatePosts (20131024012127)
  [1m[36m (0.1ms)[0m  [1mbegin transaction[0m
  [1m[35m (0.5ms)[0m  CREATE TABLE "posts" ("id" INTEGER PRIMARY KEY AUTOINCREMENT NOT NULL, "name" varchar(255), "content" text, "created_at" datetime NOT NULL, "updated_at" datetime NOT NULL) 
  [1m[36m (0.1ms)[0m  [1mINSERT INTO "schema_migrations" ("version") VALUES ('20131024012127')[0m
  [1m[35m (3.3ms)[0m  commit transaction
Migrating to CreateUsers (20131024013324)
  [1m[36m (0.1ms)[0m  [1mbegin transaction[0m
  [1m[35m (0.4ms)[0m  CREATE TABLE "users" ("id" INTEGER PRIMARY KEY AUTOINCREMENT NOT NULL, "firstname" varchar(255), "lastname" varchar(255), "email" varchar(255), "birthdate" varchar(255), "created_at" datetime NOT NULL, "updated_at" datetime NOT NULL) 
  [1m[36m (0.1ms)[0m  [1mINSERT INTO "schema_migrations" ("version") VALUES ('20131024013324')[0m
  [1m[35m (3.5ms)[0m  commit transaction
  [1m[36m (0.1ms)[0m  [1mSELECT "schema_migrations"."version" FROM "schema_migrations" [0m


Started GET "/posts" for 127.0.0.1 at 2013-11-01 13:40:13 -0500
Processing by PostsController#index as HTML
  [1m[36mPost Load (0.1ms)[0m  [1mSELECT "posts".* FROM "posts" [0m
  Rendered posts/index.html.erb within layouts/application (0.8ms)
Compiled posts.css  (169ms)  (pid 1124)
Compiled scaffolds.css  (33ms)  (pid 1124)
Compiled users.css  (29ms)  (pid 1124)
Compiled application.css  (246ms)  (pid 1124)
Compiled jquery.js  (4ms)  (pid 1124)
Compiled jquery_ujs.js  (0ms)  (pid 1124)
Compiled posts.js  (573ms)  (pid 1124)
Compiled users.js  (162ms)  (pid 1124)
Compiled application.js  (783ms)  (pid 1124)
Completed 200 OK in 1088ms (Views: 1085.8ms | ActiveRecord: 0.5ms)


Started GET "/assets/application.css?body=1" for 127.0.0.1 at 2013-11-01 13:40:14 -0500
Served asset /application.css - 200 OK (8ms)


Started GET "/assets/posts.css?body=1" for 127.0.0.1 at 2013-11-01 13:40:14 -0500
Served asset /posts.css - 200 OK (3ms)


Started GET "/assets/scaffolds.css?body=1" for 127.0.0.1 at 2013-11-01 13:40:14 -0500
Served asset /scaffolds.css - 200 OK (2ms)


Started GET "/assets/users.css?body=1" for 127.0.0.1 at 2013-11-01 13:40:14 -0500
Served asset /users.css - 200 OK (1ms)


Started GET "/assets/jquery.js?body=1" for 127.0.0.1 at 2013-11-01 13:40:14 -0500
Served asset /jquery.js - 200 OK (2ms)


Started GET "/assets/posts.js?body=1" for 127.0.0.1 at 2013-11-01 13:40:14 -0500
Served asset /posts.js - 200 OK (1ms)


Started GET "/assets/jquery_ujs.js?body=1" for 127.0.0.1 at 2013-11-01 13:40:14 -0500
Served asset /jquery_ujs.js - 200 OK (2ms)


Started GET "/assets/users.js?body=1" for 127.0.0.1 at 2013-11-01 13:40:14 -0500
Served asset /users.js - 200 OK (1ms)


Started GET "/assets/application.js?body=1" for 127.0.0.1 at 2013-11-01 13:40:14 -0500
Served asset /application.js - 200 OK (4ms)


Started GET "/posts/new" for 127.0.0.1 at 2013-11-01 13:40:17 -0500
Processing by PostsController#new as HTML
  Rendered posts/_form.html.erb (8.2ms)
  Rendered posts/new.html.erb within layouts/application (10.9ms)
Completed 200 OK in 21ms (Views: 15.9ms | ActiveRecord: 0.0ms)
Connecting to database specified by database.yml
  [1m[36m (0.1ms)[0m  [1mSELECT "schema_migrations"."version" FROM "schema_migrations" [0m
Migrating to CreatePosts (20131024012127)
Migrating to CreateUsers (20131024013324)
  [1m[35m (0.1ms)[0m  select sqlite_version(*)
  [1m[36m (0.1ms)[0m  [1mSELECT "schema_migrations"."version" FROM "schema_migrations" [0m
Connecting to database specified by database.yml
  [1m[36m (0.1ms)[0m  [1mSELECT "schema_migrations"."version" FROM "schema_migrations" [0m
Migrating to CreatePosts (20131024012127)
Migrating to CreateUsers (20131024013324)
  [1m[35m (0.1ms)[0m  select sqlite_version(*)
  [1m[36m (0.1ms)[0m  [1mSELECT "schema_migrations"."version" FROM "schema_migrations" [0m


Started GET "/assets/rails.png" for 127.0.0.1 at 2013-11-01 14:10:10 -0500
Connecting to database specified by database.yml
Served asset /rails.png - 200 OK (22ms)


Started GET "/assets/rails.png" for 127.0.0.1 at 2013-11-01 14:10:31 -0500
Served asset /rails.png - 304 Not Modified (0ms)


Started GET "/assets/rails.png" for 127.0.0.1 at 2013-11-01 14:12:36 -0500
Connecting to database specified by database.yml
Served asset /rails.png - 304 Not Modified (1ms)


Started GET "/assets/rails.png" for 127.0.0.1 at 2013-11-01 14:13:49 -0500
Served asset /rails.png - 304 Not Modified (0ms)


Started GET "/assets/rails.png" for 127.0.0.1 at 2013-11-01 14:13:52 -0500
Served asset /rails.png - 304 Not Modified (0ms)


Started GET "/assets/rails.png" for 127.0.0.1 at 2013-11-01 14:17:41 -0500

TypeError (no implicit conversion of String into Hash):
  config/routes.rb:8:in `block in <top (required)>'
  config/routes.rb:1:in `<top (required)>'


  Rendered /Users/Thaddeus/.rvm/gems/ruby-2.0.0-p247/gems/actionpack-3.2.12/lib/action_dispatch/middleware/templates/rescues/_trace.erb (1.2ms)
  Rendered /Users/Thaddeus/.rvm/gems/ruby-2.0.0-p247/gems/actionpack-3.2.12/lib/action_dispatch/middleware/templates/rescues/_request_and_response.erb (2.4ms)
  Rendered /Users/Thaddeus/.rvm/gems/ruby-2.0.0-p247/gems/actionpack-3.2.12/lib/action_dispatch/middleware/templates/rescues/diagnostics.erb within rescues/layout (13.6ms)


Started GET "/assets/rails.png" for 127.0.0.1 at 2013-11-01 14:17:46 -0500
Served asset /rails.png - 200 OK (0ms)


Started GET "/assets/rails.png" for 127.0.0.1 at 2013-11-01 14:17:48 -0500
Served asset /rails.png - 200 OK (0ms)
Connecting to database specified by database.yml
  [1m[36m (0.1ms)[0m  [1mSELECT "schema_migrations"."version" FROM "schema_migrations" [0m
Migrating to CreatePosts (20131024012127)
Migrating to CreateUsers (20131024013324)
  [1m[35m (0.1ms)[0m  select sqlite_version(*)
  [1m[36m (0.1ms)[0m  [1mSELECT "schema_migrations"."version" FROM "schema_migrations" [0m


Started GET "/" for 127.0.0.1 at 2013-11-01 14:24:00 -0500
Connecting to database specified by database.yml
Processing by PostsController#show as HTML
Completed 404 Not Found in 10ms

ActiveRecord::RecordNotFound (Couldn't find Post without an ID):
  app/controllers/posts_controller.rb:16:in `show'


  Rendered /Users/Thaddeus/.rvm/gems/ruby-2.0.0-p247/gems/actionpack-3.2.12/lib/action_dispatch/middleware/templates/rescues/_trace.erb (1.1ms)
  Rendered /Users/Thaddeus/.rvm/gems/ruby-2.0.0-p247/gems/actionpack-3.2.12/lib/action_dispatch/middleware/templates/rescues/_request_and_response.erb (0.8ms)
  Rendered /Users/Thaddeus/.rvm/gems/ruby-2.0.0-p247/gems/actionpack-3.2.12/lib/action_dispatch/middleware/templates/rescues/diagnostics.erb within rescues/layout (7.6ms)


Started GET "/" for 127.0.0.1 at 2013-11-01 14:24:38 -0500
Processing by PostsController#index as HTML
  [1m[36mPost Load (0.1ms)[0m  [1mSELECT "posts".* FROM "posts" [0m
  Rendered posts/index.html.erb within layouts/application (0.9ms)
Completed 200 OK in 26ms (Views: 23.1ms | ActiveRecord: 1.0ms)


Started GET "/assets/posts.css?body=1" for 127.0.0.1 at 2013-11-01 14:24:38 -0500
Served asset /posts.css - 200 OK (8ms)


Started GET "/assets/application.css?body=1" for 127.0.0.1 at 2013-11-01 14:24:38 -0500
Served asset /application.css - 200 OK (5ms)


Started GET "/assets/scaffolds.css?body=1" for 127.0.0.1 at 2013-11-01 14:24:38 -0500
Served asset /scaffolds.css - 304 Not Modified (1ms)


Started GET "/assets/users.css?body=1" for 127.0.0.1 at 2013-11-01 14:24:38 -0500
Served asset /users.css - 304 Not Modified (1ms)


Started GET "/assets/jquery.js?body=1" for 127.0.0.1 at 2013-11-01 14:24:38 -0500
Served asset /jquery.js - 200 OK (2ms)


Started GET "/assets/jquery_ujs.js?body=1" for 127.0.0.1 at 2013-11-01 14:24:38 -0500
Served asset /jquery_ujs.js - 200 OK (2ms)


Started GET "/assets/posts.js?body=1" for 127.0.0.1 at 2013-11-01 14:24:38 -0500
Served asset /posts.js - 200 OK (2ms)


Started GET "/assets/users.js?body=1" for 127.0.0.1 at 2013-11-01 14:24:38 -0500
Served asset /users.js - 304 Not Modified (1ms)


Started GET "/assets/application.js?body=1" for 127.0.0.1 at 2013-11-01 14:24:38 -0500
Served asset /application.js - 200 OK (7ms)
Connecting to database specified by database.yml
Connecting to database specified by database.yml
Connecting to database specified by database.yml


Started GET "/" for 127.0.0.1 at 2013-11-04 13:36:34 -0600
Processing by PostsController#index as HTML
  [1m[36mPost Load (10.2ms)[0m  [1mSELECT "posts".* FROM "posts" [0m
  Rendered posts/index.html.erb within layouts/application (32.1ms)
Completed 500 Internal Server Error in 73ms

ActionView::Template::Error (undefined local variable or method `new_post_path' for #<#<Class:0x007fa75b0f4c18>:0x007fa75b0ffe88>):
    22: 
    23: <br />
    24: 
    25: <%= link_to 'New Post', new_post_path %>
  app/views/posts/index.html.erb:25:in `_app_views_posts_index_html_erb___2555550919899755100_70178382079400'
  app/controllers/posts_controller.rb:7:in `index'


  Rendered /Users/Thaddeus/.rvm/gems/ruby-2.0.0-p247/gems/actionpack-3.2.12/lib/action_dispatch/middleware/templates/rescues/_trace.erb (1.6ms)
  Rendered /Users/Thaddeus/.rvm/gems/ruby-2.0.0-p247/gems/actionpack-3.2.12/lib/action_dispatch/middleware/templates/rescues/_request_and_response.erb (1.0ms)
  Rendered /Users/Thaddeus/.rvm/gems/ruby-2.0.0-p247/gems/actionpack-3.2.12/lib/action_dispatch/middleware/templates/rescues/template_error.erb within rescues/layout (12.6ms)


Started GET "/" for 127.0.0.1 at 2013-11-04 13:37:16 -0600
Processing by PostsController#index as HTML
  [1m[35mPost Load (0.1ms)[0m  SELECT "posts".* FROM "posts" 
  Rendered posts/index.html.erb within layouts/application (0.5ms)
Compiled application.css  (22ms)  (pid 21865)
Compiled application.js  (3ms)  (pid 21865)
Completed 200 OK in 247ms (Views: 244.4ms | ActiveRecord: 0.6ms)


Started GET "/assets/scaffolds.css?body=1" for 127.0.0.1 at 2013-11-04 13:37:16 -0600
Served asset /scaffolds.css - 304 Not Modified (2ms)


Started GET "/" for 127.0.0.1 at 2013-11-04 13:37:28 -0600
Processing by PostsController#index as HTML
  [1m[36mPost Load (0.1ms)[0m  [1mSELECT "posts".* FROM "posts" [0m
  Rendered posts/index.html.erb within layouts/application (0.3ms)
Completed 200 OK in 6ms (Views: 4.4ms | ActiveRecord: 0.5ms)


Started GET "/assets/scaffolds.css?body=1" for 127.0.0.1 at 2013-11-04 13:37:28 -0600
Served asset /scaffolds.css - 304 Not Modified (0ms)


Started GET "/" for 127.0.0.1 at 2013-11-04 13:37:30 -0600
Processing by PostsController#index as HTML
  [1m[35mPost Load (0.2ms)[0m  SELECT "posts".* FROM "posts" 
  Rendered posts/index.html.erb within layouts/application (0.3ms)
Completed 200 OK in 6ms (Views: 4.6ms | ActiveRecord: 0.2ms)


Started GET "/assets/scaffolds.css?body=1" for 127.0.0.1 at 2013-11-04 13:37:30 -0600
Served asset /scaffolds.css - 304 Not Modified (0ms)


Started GET "/" for 127.0.0.1 at 2013-11-04 13:37:42 -0600
Processing by PostsController#index as HTML
  [1m[36mPost Load (0.1ms)[0m  [1mSELECT "posts".* FROM "posts" [0m
  Rendered posts/index.html.erb within layouts/application (0.3ms)
Completed 200 OK in 7ms (Views: 4.7ms | ActiveRecord: 0.5ms)


Started GET "/assets/scaffolds.css?body=1" for 127.0.0.1 at 2013-11-04 13:37:42 -0600
Served asset /scaffolds.css - 304 Not Modified (0ms)


Started GET "/posts/new" for 127.0.0.1 at 2013-11-04 13:37:44 -0600

ActionController::RoutingError (No route matches [GET] "/posts/new"):
  actionpack (3.2.12) lib/action_dispatch/middleware/debug_exceptions.rb:21:in `call'
  actionpack (3.2.12) lib/action_dispatch/middleware/show_exceptions.rb:56:in `call'
  railties (3.2.12) lib/rails/rack/logger.rb:32:in `call_app'
  railties (3.2.12) lib/rails/rack/logger.rb:16:in `block in call'
  activesupport (3.2.12) lib/active_support/tagged_logging.rb:22:in `tagged'
  railties (3.2.12) lib/rails/rack/logger.rb:16:in `call'
  actionpack (3.2.12) lib/action_dispatch/middleware/request_id.rb:22:in `call'
  rack (1.4.5) lib/rack/methodoverride.rb:21:in `call'
  rack (1.4.5) lib/rack/runtime.rb:17:in `call'
  activesupport (3.2.12) lib/active_support/cache/strategy/local_cache.rb:72:in `call'
  rack (1.4.5) lib/rack/lock.rb:15:in `call'
  actionpack (3.2.12) lib/action_dispatch/middleware/static.rb:62:in `call'
  railties (3.2.12) lib/rails/engine.rb:479:in `call'
  railties (3.2.12) lib/rails/application.rb:223:in `call'
  rack (1.4.5) lib/rack/content_length.rb:14:in `call'
  railties (3.2.12) lib/rails/rack/log_tailer.rb:17:in `call'
  rack (1.4.5) lib/rack/handler/webrick.rb:59:in `service'
  /Users/Thaddeus/.rvm/rubies/ruby-2.0.0-p247/lib/ruby/2.0.0/webrick/httpserver.rb:138:in `service'
  /Users/Thaddeus/.rvm/rubies/ruby-2.0.0-p247/lib/ruby/2.0.0/webrick/httpserver.rb:94:in `run'
  /Users/Thaddeus/.rvm/rubies/ruby-2.0.0-p247/lib/ruby/2.0.0/webrick/server.rb:295:in `block in start_thread'


  Rendered /Users/Thaddeus/.rvm/gems/ruby-2.0.0-p247/gems/actionpack-3.2.12/lib/action_dispatch/middleware/templates/rescues/routing_error.erb within rescues/layout (0.6ms)
Connecting to database specified by database.yml


Started GET "/users/" for 127.0.0.1 at 2013-11-04 13:38:07 -0600

ActionController::RoutingError (No route matches [GET] "/users"):
  actionpack (3.2.12) lib/action_dispatch/middleware/debug_exceptions.rb:21:in `call'
  actionpack (3.2.12) lib/action_dispatch/middleware/show_exceptions.rb:56:in `call'
  railties (3.2.12) lib/rails/rack/logger.rb:32:in `call_app'
  railties (3.2.12) lib/rails/rack/logger.rb:16:in `block in call'
  activesupport (3.2.12) lib/active_support/tagged_logging.rb:22:in `tagged'
  railties (3.2.12) lib/rails/rack/logger.rb:16:in `call'
  actionpack (3.2.12) lib/action_dispatch/middleware/request_id.rb:22:in `call'
  rack (1.4.5) lib/rack/methodoverride.rb:21:in `call'
  rack (1.4.5) lib/rack/runtime.rb:17:in `call'
  activesupport (3.2.12) lib/active_support/cache/strategy/local_cache.rb:72:in `call'
  rack (1.4.5) lib/rack/lock.rb:15:in `call'
  actionpack (3.2.12) lib/action_dispatch/middleware/static.rb:62:in `call'
  railties (3.2.12) lib/rails/engine.rb:479:in `call'
  railties (3.2.12) lib/rails/application.rb:223:in `call'
  rack (1.4.5) lib/rack/content_length.rb:14:in `call'
  railties (3.2.12) lib/rails/rack/log_tailer.rb:17:in `call'
  rack (1.4.5) lib/rack/handler/webrick.rb:59:in `service'
  /Users/Thaddeus/.rvm/rubies/ruby-2.0.0-p247/lib/ruby/2.0.0/webrick/httpserver.rb:138:in `service'
  /Users/Thaddeus/.rvm/rubies/ruby-2.0.0-p247/lib/ruby/2.0.0/webrick/httpserver.rb:94:in `run'
  /Users/Thaddeus/.rvm/rubies/ruby-2.0.0-p247/lib/ruby/2.0.0/webrick/server.rb:295:in `block in start_thread'


  Rendered /Users/Thaddeus/.rvm/gems/ruby-2.0.0-p247/gems/actionpack-3.2.12/lib/action_dispatch/middleware/templates/rescues/routing_error.erb within rescues/layout (0.5ms)
Connecting to database specified by database.yml
  [1m[36m (67.4ms)[0m  [1mSELECT "schema_migrations"."version" FROM "schema_migrations" [0m
Migrating to CreatePosts (20131024012127)
Migrating to DeviseCreateUsers (20131104180436)
  [1m[35m (0.1ms)[0m  select sqlite_version(*)
  [1m[36m (0.1ms)[0m  [1mbegin transaction[0m
  [1m[35m (0.1ms)[0m  CREATE TABLE "users" ("id" INTEGER PRIMARY KEY AUTOINCREMENT NOT NULL, "email" varchar(255) DEFAULT '' NOT NULL, "encrypted_password" varchar(255) DEFAULT '' NOT NULL, "reset_password_token" varchar(255), "reset_password_sent_at" datetime, "remember_created_at" datetime, "sign_in_count" integer DEFAULT 0 NOT NULL, "current_sign_in_at" datetime, "last_sign_in_at" datetime, "current_sign_in_ip" varchar(255), "last_sign_in_ip" varchar(255), "created_at" datetime NOT NULL, "updated_at" datetime NOT NULL) 
SQLite3::SQLException: table "users" already exists: CREATE TABLE "users" ("id" INTEGER PRIMARY KEY AUTOINCREMENT NOT NULL, "email" varchar(255) DEFAULT '' NOT NULL, "encrypted_password" varchar(255) DEFAULT '' NOT NULL, "reset_password_token" varchar(255), "reset_password_sent_at" datetime, "remember_created_at" datetime, "sign_in_count" integer DEFAULT 0 NOT NULL, "current_sign_in_at" datetime, "last_sign_in_at" datetime, "current_sign_in_ip" varchar(255), "last_sign_in_ip" varchar(255), "created_at" datetime NOT NULL, "updated_at" datetime NOT NULL) 
  [1m[36m (0.0ms)[0m  [1mrollback transaction[0m
Connecting to database specified by database.yml
  [1m[36m (0.1ms)[0m  [1mSELECT "schema_migrations"."version" FROM "schema_migrations" [0m
Migrating to CreatePosts (20131024012127)
Migrating to DeviseCreateUsers (20131104180436)
  [1m[35m (0.0ms)[0m  select sqlite_version(*)
  [1m[36m (0.1ms)[0m  [1mbegin transaction[0m
  [1m[35m (0.1ms)[0m  CREATE TABLE "users" ("id" INTEGER PRIMARY KEY AUTOINCREMENT NOT NULL, "email" varchar(255) DEFAULT '' NOT NULL, "encrypted_password" varchar(255) DEFAULT '' NOT NULL, "reset_password_token" varchar(255), "reset_password_sent_at" datetime, "remember_created_at" datetime, "sign_in_count" integer DEFAULT 0 NOT NULL, "current_sign_in_at" datetime, "last_sign_in_at" datetime, "current_sign_in_ip" varchar(255), "last_sign_in_ip" varchar(255), "created_at" datetime NOT NULL, "updated_at" datetime NOT NULL) 
SQLite3::SQLException: table "users" already exists: CREATE TABLE "users" ("id" INTEGER PRIMARY KEY AUTOINCREMENT NOT NULL, "email" varchar(255) DEFAULT '' NOT NULL, "encrypted_password" varchar(255) DEFAULT '' NOT NULL, "reset_password_token" varchar(255), "reset_password_sent_at" datetime, "remember_created_at" datetime, "sign_in_count" integer DEFAULT 0 NOT NULL, "current_sign_in_at" datetime, "last_sign_in_at" datetime, "current_sign_in_ip" varchar(255), "last_sign_in_ip" varchar(255), "created_at" datetime NOT NULL, "updated_at" datetime NOT NULL) 
  [1m[36m (0.0ms)[0m  [1mrollback transaction[0m
Connecting to database specified by database.yml
  [1m[36m (0.1ms)[0m  [1mselect sqlite_version(*)[0m
  [1m[35m (53.3ms)[0m  CREATE TABLE "schema_migrations" ("version" varchar(255) NOT NULL) 
  [1m[36m (3.5ms)[0m  [1mCREATE UNIQUE INDEX "unique_schema_migrations" ON "schema_migrations" ("version")[0m
  [1m[35m (0.1ms)[0m  SELECT "schema_migrations"."version" FROM "schema_migrations" 
Migrating to CreatePosts (20131024012127)
  [1m[36m (0.1ms)[0m  [1mbegin transaction[0m
  [1m[35m (0.5ms)[0m  CREATE TABLE "posts" ("id" INTEGER PRIMARY KEY AUTOINCREMENT NOT NULL, "name" varchar(255), "content" text, "created_at" datetime NOT NULL, "updated_at" datetime NOT NULL) 
  [1m[36m (0.1ms)[0m  [1mINSERT INTO "schema_migrations" ("version") VALUES ('20131024012127')[0m
  [1m[35m (3.1ms)[0m  commit transaction
Migrating to DeviseCreateUsers (20131104180436)
  [1m[36m (0.1ms)[0m  [1mbegin transaction[0m
  [1m[35m (0.4ms)[0m  CREATE TABLE "users" ("id" INTEGER PRIMARY KEY AUTOINCREMENT NOT NULL, "email" varchar(255) DEFAULT '' NOT NULL, "encrypted_password" varchar(255) DEFAULT '' NOT NULL, "reset_password_token" varchar(255), "reset_password_sent_at" datetime, "remember_created_at" datetime, "sign_in_count" integer DEFAULT 0 NOT NULL, "current_sign_in_at" datetime, "last_sign_in_at" datetime, "current_sign_in_ip" varchar(255), "last_sign_in_ip" varchar(255), "created_at" datetime NOT NULL, "updated_at" datetime NOT NULL) 
  [1m[36m (0.3ms)[0m  [1mCREATE UNIQUE INDEX "index_users_on_email" ON "users" ("email")[0m
  [1m[35m (0.1ms)[0m  CREATE UNIQUE INDEX "index_users_on_reset_password_token" ON "users" ("reset_password_token")
  [1m[36m (0.1ms)[0m  [1mINSERT INTO "schema_migrations" ("version") VALUES ('20131104180436')[0m
  [1m[35m (2.9ms)[0m  commit transaction
  [1m[36m (0.1ms)[0m  [1mSELECT "schema_migrations"."version" FROM "schema_migrations" [0m
Connecting to database specified by database.yml
Connecting to database specified by database.yml


Started GET "/users/" for 127.0.0.1 at 2013-11-04 13:40:28 -0600

ActionController::RoutingError (No route matches [GET] "/users"):
  actionpack (3.2.12) lib/action_dispatch/middleware/debug_exceptions.rb:21:in `call'
  actionpack (3.2.12) lib/action_dispatch/middleware/show_exceptions.rb:56:in `call'
  railties (3.2.12) lib/rails/rack/logger.rb:32:in `call_app'
  railties (3.2.12) lib/rails/rack/logger.rb:16:in `block in call'
  activesupport (3.2.12) lib/active_support/tagged_logging.rb:22:in `tagged'
  railties (3.2.12) lib/rails/rack/logger.rb:16:in `call'
  actionpack (3.2.12) lib/action_dispatch/middleware/request_id.rb:22:in `call'
  rack (1.4.5) lib/rack/methodoverride.rb:21:in `call'
  rack (1.4.5) lib/rack/runtime.rb:17:in `call'
  activesupport (3.2.12) lib/active_support/cache/strategy/local_cache.rb:72:in `call'
  rack (1.4.5) lib/rack/lock.rb:15:in `call'
  actionpack (3.2.12) lib/action_dispatch/middleware/static.rb:62:in `call'
  railties (3.2.12) lib/rails/engine.rb:479:in `call'
  railties (3.2.12) lib/rails/application.rb:223:in `call'
  rack (1.4.5) lib/rack/content_length.rb:14:in `call'
  railties (3.2.12) lib/rails/rack/log_tailer.rb:17:in `call'
  rack (1.4.5) lib/rack/handler/webrick.rb:59:in `service'
  /Users/Thaddeus/.rvm/rubies/ruby-2.0.0-p247/lib/ruby/2.0.0/webrick/httpserver.rb:138:in `service'
  /Users/Thaddeus/.rvm/rubies/ruby-2.0.0-p247/lib/ruby/2.0.0/webrick/httpserver.rb:94:in `run'
  /Users/Thaddeus/.rvm/rubies/ruby-2.0.0-p247/lib/ruby/2.0.0/webrick/server.rb:295:in `block in start_thread'


  Rendered /Users/Thaddeus/.rvm/gems/ruby-2.0.0-p247/gems/actionpack-3.2.12/lib/action_dispatch/middleware/templates/rescues/routing_error.erb within rescues/layout (1.1ms)


Started GET "/" for 127.0.0.1 at 2013-11-04 13:40:31 -0600
Processing by PostsController#index as HTML
  [1m[36mPost Load (0.1ms)[0m  [1mSELECT "posts".* FROM "posts" [0m
  Rendered posts/index.html.erb within layouts/application (32.9ms)
Completed 500 Internal Server Error in 47ms

ActionView::Template::Error (undefined local variable or method `new_post_path' for #<#<Class:0x007f8af1bb6b00>:0x007f8af1bb5db8>):
    22: 
    23: <br />
    24: 
    25: <%= link_to 'New Post', new_post_path %>
  app/views/posts/index.html.erb:25:in `_app_views_posts_index_html_erb___3456540180940735905_70117368899260'
  app/controllers/posts_controller.rb:7:in `index'


  Rendered /Users/Thaddeus/.rvm/gems/ruby-2.0.0-p247/gems/actionpack-3.2.12/lib/action_dispatch/middleware/templates/rescues/_trace.erb (1.1ms)
  Rendered /Users/Thaddeus/.rvm/gems/ruby-2.0.0-p247/gems/actionpack-3.2.12/lib/action_dispatch/middleware/templates/rescues/_request_and_response.erb (0.8ms)
  Rendered /Users/Thaddeus/.rvm/gems/ruby-2.0.0-p247/gems/actionpack-3.2.12/lib/action_dispatch/middleware/templates/rescues/template_error.erb within rescues/layout (8.2ms)


Started GET "/user" for 127.0.0.1 at 2013-11-04 13:42:00 -0600

ActionController::RoutingError (No route matches [GET] "/user"):
  actionpack (3.2.12) lib/action_dispatch/middleware/debug_exceptions.rb:21:in `call'
  actionpack (3.2.12) lib/action_dispatch/middleware/show_exceptions.rb:56:in `call'
  railties (3.2.12) lib/rails/rack/logger.rb:32:in `call_app'
  railties (3.2.12) lib/rails/rack/logger.rb:16:in `block in call'
  activesupport (3.2.12) lib/active_support/tagged_logging.rb:22:in `tagged'
  railties (3.2.12) lib/rails/rack/logger.rb:16:in `call'
  actionpack (3.2.12) lib/action_dispatch/middleware/request_id.rb:22:in `call'
  rack (1.4.5) lib/rack/methodoverride.rb:21:in `call'
  rack (1.4.5) lib/rack/runtime.rb:17:in `call'
  activesupport (3.2.12) lib/active_support/cache/strategy/local_cache.rb:72:in `call'
  rack (1.4.5) lib/rack/lock.rb:15:in `call'
  actionpack (3.2.12) lib/action_dispatch/middleware/static.rb:62:in `call'
  railties (3.2.12) lib/rails/engine.rb:479:in `call'
  railties (3.2.12) lib/rails/application.rb:223:in `call'
  rack (1.4.5) lib/rack/content_length.rb:14:in `call'
  railties (3.2.12) lib/rails/rack/log_tailer.rb:17:in `call'
  rack (1.4.5) lib/rack/handler/webrick.rb:59:in `service'
  /Users/Thaddeus/.rvm/rubies/ruby-2.0.0-p247/lib/ruby/2.0.0/webrick/httpserver.rb:138:in `service'
  /Users/Thaddeus/.rvm/rubies/ruby-2.0.0-p247/lib/ruby/2.0.0/webrick/httpserver.rb:94:in `run'
  /Users/Thaddeus/.rvm/rubies/ruby-2.0.0-p247/lib/ruby/2.0.0/webrick/server.rb:295:in `block in start_thread'


  Rendered /Users/Thaddeus/.rvm/gems/ruby-2.0.0-p247/gems/actionpack-3.2.12/lib/action_dispatch/middleware/templates/rescues/routing_error.erb within rescues/layout (0.7ms)


Started GET "/users" for 127.0.0.1 at 2013-11-04 13:42:04 -0600

ActionController::RoutingError (No route matches [GET] "/users"):
  actionpack (3.2.12) lib/action_dispatch/middleware/debug_exceptions.rb:21:in `call'
  actionpack (3.2.12) lib/action_dispatch/middleware/show_exceptions.rb:56:in `call'
  railties (3.2.12) lib/rails/rack/logger.rb:32:in `call_app'
  railties (3.2.12) lib/rails/rack/logger.rb:16:in `block in call'
  activesupport (3.2.12) lib/active_support/tagged_logging.rb:22:in `tagged'
  railties (3.2.12) lib/rails/rack/logger.rb:16:in `call'
  actionpack (3.2.12) lib/action_dispatch/middleware/request_id.rb:22:in `call'
  rack (1.4.5) lib/rack/methodoverride.rb:21:in `call'
  rack (1.4.5) lib/rack/runtime.rb:17:in `call'
  activesupport (3.2.12) lib/active_support/cache/strategy/local_cache.rb:72:in `call'
  rack (1.4.5) lib/rack/lock.rb:15:in `call'
  actionpack (3.2.12) lib/action_dispatch/middleware/static.rb:62:in `call'
  railties (3.2.12) lib/rails/engine.rb:479:in `call'
  railties (3.2.12) lib/rails/application.rb:223:in `call'
  rack (1.4.5) lib/rack/content_length.rb:14:in `call'
  railties (3.2.12) lib/rails/rack/log_tailer.rb:17:in `call'
  rack (1.4.5) lib/rack/handler/webrick.rb:59:in `service'
  /Users/Thaddeus/.rvm/rubies/ruby-2.0.0-p247/lib/ruby/2.0.0/webrick/httpserver.rb:138:in `service'
  /Users/Thaddeus/.rvm/rubies/ruby-2.0.0-p247/lib/ruby/2.0.0/webrick/httpserver.rb:94:in `run'
  /Users/Thaddeus/.rvm/rubies/ruby-2.0.0-p247/lib/ruby/2.0.0/webrick/server.rb:295:in `block in start_thread'


  Rendered /Users/Thaddeus/.rvm/gems/ruby-2.0.0-p247/gems/actionpack-3.2.12/lib/action_dispatch/middleware/templates/rescues/routing_error.erb within rescues/layout (0.5ms)
Connecting to database specified by database.yml


Started GET "/posts/new" for 127.0.0.1 at 2013-11-04 13:56:35 -0600

ActionController::RoutingError (No route matches [GET] "/posts/new"):
  actionpack (3.2.12) lib/action_dispatch/middleware/debug_exceptions.rb:21:in `call'
  actionpack (3.2.12) lib/action_dispatch/middleware/show_exceptions.rb:56:in `call'
  railties (3.2.12) lib/rails/rack/logger.rb:32:in `call_app'
  railties (3.2.12) lib/rails/rack/logger.rb:16:in `block in call'
  activesupport (3.2.12) lib/active_support/tagged_logging.rb:22:in `tagged'
  railties (3.2.12) lib/rails/rack/logger.rb:16:in `call'
  actionpack (3.2.12) lib/action_dispatch/middleware/request_id.rb:22:in `call'
  rack (1.4.5) lib/rack/methodoverride.rb:21:in `call'
  rack (1.4.5) lib/rack/runtime.rb:17:in `call'
  activesupport (3.2.12) lib/active_support/cache/strategy/local_cache.rb:72:in `call'
  rack (1.4.5) lib/rack/lock.rb:15:in `call'
  actionpack (3.2.12) lib/action_dispatch/middleware/static.rb:62:in `call'
  railties (3.2.12) lib/rails/engine.rb:479:in `call'
  railties (3.2.12) lib/rails/application.rb:223:in `call'
  rack (1.4.5) lib/rack/content_length.rb:14:in `call'
  railties (3.2.12) lib/rails/rack/log_tailer.rb:17:in `call'
  rack (1.4.5) lib/rack/handler/webrick.rb:59:in `service'
  /Users/Thaddeus/.rvm/rubies/ruby-2.0.0-p247/lib/ruby/2.0.0/webrick/httpserver.rb:138:in `service'
  /Users/Thaddeus/.rvm/rubies/ruby-2.0.0-p247/lib/ruby/2.0.0/webrick/httpserver.rb:94:in `run'
  /Users/Thaddeus/.rvm/rubies/ruby-2.0.0-p247/lib/ruby/2.0.0/webrick/server.rb:295:in `block in start_thread'


  Rendered /Users/Thaddeus/.rvm/gems/ruby-2.0.0-p247/gems/actionpack-3.2.12/lib/action_dispatch/middleware/templates/rescues/routing_error.erb within rescues/layout (0.9ms)


Started GET "/posts/new" for 127.0.0.1 at 2013-11-04 13:57:05 -0600
Processing by PostsController#new as HTML
  Rendered posts/_form.html.erb (96.1ms)
  Rendered posts/new.html.erb within layouts/application (122.2ms)
Completed 200 OK in 148ms (Views: 142.3ms | ActiveRecord: 0.4ms)


Started GET "/assets/scaffolds.css?body=1" for 127.0.0.1 at 2013-11-04 13:57:06 -0600
Served asset /scaffolds.css - 304 Not Modified (2ms)
Connecting to database specified by database.yml
Connecting to database specified by database.yml
  [1m[36m (0.1ms)[0m  [1mSELECT "schema_migrations"."version" FROM "schema_migrations" [0m
Migrating to CreatePosts (20131024012127)
Migrating to DeviseCreateUsers (20131104180436)
Migrating to CreateComments (20131104201946)
  [1m[35m (0.1ms)[0m  select sqlite_version(*)
  [1m[36m (0.1ms)[0m  [1mbegin transaction[0m
  [1m[35m (0.1ms)[0m  rollback transaction
Connecting to database specified by database.yml
  [1m[36m (0.1ms)[0m  [1mselect sqlite_version(*)[0m
  [1m[35m (51.1ms)[0m  CREATE TABLE "schema_migrations" ("version" varchar(255) NOT NULL) 
  [1m[36m (2.7ms)[0m  [1mCREATE UNIQUE INDEX "unique_schema_migrations" ON "schema_migrations" ("version")[0m
  [1m[35m (0.1ms)[0m  SELECT "schema_migrations"."version" FROM "schema_migrations" 
Migrating to CreatePosts (20131024012127)
  [1m[36m (0.0ms)[0m  [1mbegin transaction[0m
  [1m[35m (0.5ms)[0m  CREATE TABLE "posts" ("id" INTEGER PRIMARY KEY AUTOINCREMENT NOT NULL, "name" varchar(255), "content" text, "created_at" datetime NOT NULL, "updated_at" datetime NOT NULL) 
  [1m[36m (0.1ms)[0m  [1mINSERT INTO "schema_migrations" ("version") VALUES ('20131024012127')[0m
  [1m[35m (2.9ms)[0m  commit transaction
Migrating to DeviseCreateUsers (20131104180436)
  [1m[36m (0.0ms)[0m  [1mbegin transaction[0m
  [1m[35m (0.6ms)[0m  CREATE TABLE "users" ("id" INTEGER PRIMARY KEY AUTOINCREMENT NOT NULL, "email" varchar(255) DEFAULT '' NOT NULL, "encrypted_password" varchar(255) DEFAULT '' NOT NULL, "reset_password_token" varchar(255), "reset_password_sent_at" datetime, "remember_created_at" datetime, "sign_in_count" integer DEFAULT 0 NOT NULL, "current_sign_in_at" datetime, "last_sign_in_at" datetime, "current_sign_in_ip" varchar(255), "last_sign_in_ip" varchar(255), "created_at" datetime NOT NULL, "updated_at" datetime NOT NULL) 
  [1m[36m (0.4ms)[0m  [1mCREATE UNIQUE INDEX "index_users_on_email" ON "users" ("email")[0m
  [1m[35m (0.2ms)[0m  CREATE UNIQUE INDEX "index_users_on_reset_password_token" ON "users" ("reset_password_token")
  [1m[36m (0.1ms)[0m  [1mINSERT INTO "schema_migrations" ("version") VALUES ('20131104180436')[0m
  [1m[35m (2.8ms)[0m  commit transaction
Migrating to CreateComments (20131104201946)
  [1m[36m (0.0ms)[0m  [1mbegin transaction[0m
  [1m[35m (0.0ms)[0m  rollback transaction
Connecting to database specified by database.yml
  [1m[36m (0.1ms)[0m  [1mselect sqlite_version(*)[0m
  [1m[35m (54.3ms)[0m  CREATE TABLE "schema_migrations" ("version" varchar(255) NOT NULL) 
  [1m[36m (3.5ms)[0m  [1mCREATE UNIQUE INDEX "unique_schema_migrations" ON "schema_migrations" ("version")[0m
  [1m[35m (0.1ms)[0m  SELECT "schema_migrations"."version" FROM "schema_migrations" 
Migrating to CreatePosts (20131024012127)
  [1m[36m (0.0ms)[0m  [1mbegin transaction[0m
  [1m[35m (0.6ms)[0m  CREATE TABLE "posts" ("id" INTEGER PRIMARY KEY AUTOINCREMENT NOT NULL, "name" varchar(255), "content" text, "created_at" datetime NOT NULL, "updated_at" datetime NOT NULL) 
  [1m[36m (0.1ms)[0m  [1mINSERT INTO "schema_migrations" ("version") VALUES ('20131024012127')[0m
  [1m[35m (3.0ms)[0m  commit transaction
Migrating to DeviseCreateUsers (20131104180436)
  [1m[36m (0.1ms)[0m  [1mbegin transaction[0m
  [1m[35m (0.5ms)[0m  CREATE TABLE "users" ("id" INTEGER PRIMARY KEY AUTOINCREMENT NOT NULL, "email" varchar(255) DEFAULT '' NOT NULL, "encrypted_password" varchar(255) DEFAULT '' NOT NULL, "reset_password_token" varchar(255), "reset_password_sent_at" datetime, "remember_created_at" datetime, "sign_in_count" integer DEFAULT 0 NOT NULL, "current_sign_in_at" datetime, "last_sign_in_at" datetime, "current_sign_in_ip" varchar(255), "last_sign_in_ip" varchar(255), "created_at" datetime NOT NULL, "updated_at" datetime NOT NULL) 
  [1m[36m (0.5ms)[0m  [1mCREATE UNIQUE INDEX "index_users_on_email" ON "users" ("email")[0m
  [1m[35m (0.2ms)[0m  CREATE UNIQUE INDEX "index_users_on_reset_password_token" ON "users" ("reset_password_token")
  [1m[36m (0.1ms)[0m  [1mINSERT INTO "schema_migrations" ("version") VALUES ('20131104180436')[0m
  [1m[35m (2.8ms)[0m  commit transaction
Migrating to CreateComments (20131104201946)
  [1m[36m (0.0ms)[0m  [1mbegin transaction[0m
  [1m[35m (0.1ms)[0m  rollback transaction
Connecting to database specified by database.yml
  [1m[36m (0.1ms)[0m  [1mSELECT "schema_migrations"."version" FROM "schema_migrations" [0m
Migrating to CreatePosts (20131024012127)
Migrating to DeviseCreateUsers (20131104180436)
Migrating to CreateComments (20131104201946)
  [1m[35m (0.0ms)[0m  select sqlite_version(*)
  [1m[36m (0.1ms)[0m  [1mbegin transaction[0m
  [1m[35m (0.5ms)[0m  CREATE TABLE "comments" ("id" INTEGER PRIMARY KEY AUTOINCREMENT NOT NULL, "summary" varchar(255), "created_at" datetime NOT NULL, "updated_at" datetime NOT NULL) 
  [1m[36m (0.1ms)[0m  [1mINSERT INTO "schema_migrations" ("version") VALUES ('20131104201946')[0m
  [1m[35m (49.9ms)[0m  commit transaction
  [1m[36m (0.1ms)[0m  [1mSELECT "schema_migrations"."version" FROM "schema_migrations" [0m
Connecting to database specified by database.yml


Started GET "/" for 127.0.0.1 at 2013-11-04 14:25:23 -0600
Processing by PostsController#index as HTML
  [1m[36mPost Load (0.1ms)[0m  [1mSELECT "posts".* FROM "posts" [0m
  Rendered posts/index.html.erb within layouts/application (1.7ms)
Compiled comments.css  (19ms)  (pid 22374)
Compiled application.css  (24ms)  (pid 22374)
Compiled comments.js  (1461ms)  (pid 22374)
Compiled application.js  (1468ms)  (pid 22374)
Completed 200 OK in 1663ms (Views: 1628.9ms | ActiveRecord: 1.0ms)


Started GET "/assets/scaffolds.css?body=1" for 127.0.0.1 at 2013-11-04 14:25:24 -0600
Served asset /scaffolds.css - 304 Not Modified (2ms)


Started GET "/assets/jquery.js?body=1" for 127.0.0.1 at 2013-11-04 14:25:24 -0600
Served asset /jquery.js - 200 OK (3ms)


Started GET "/posts/new" for 127.0.0.1 at 2013-11-04 14:25:26 -0600
Processing by PostsController#new as HTML
  Rendered posts/_form.html.erb (10.1ms)
  Rendered posts/new.html.erb within layouts/application (13.0ms)
Completed 200 OK in 24ms (Views: 18.1ms | ActiveRecord: 0.0ms)


Started GET "/assets/scaffolds.css?body=1" for 127.0.0.1 at 2013-11-04 14:25:26 -0600
Served asset /scaffolds.css - 304 Not Modified (0ms)


Started POST "/posts" for 127.0.0.1 at 2013-11-04 14:25:39 -0600
Processing by PostsController#create as HTML
  Parameters: {"utf8"=>"âœ“", "authenticity_token"=>"SZqY24ltrOjrnM3J1vRcrLSmNIzvTrMr7YQSkozw6vw=", "post"=>{"name"=>"test 1", "content"=>"this is just the first test."}, "commit"=>"Create Post"}
  [1m[35m (0.1ms)[0m  begin transaction
  [1m[36mSQL (55.1ms)[0m  [1mINSERT INTO "posts" ("content", "created_at", "name", "updated_at") VALUES (?, ?, ?, ?)[0m  [["content", "this is just the first test."], ["created_at", Mon, 04 Nov 2013 20:25:39 UTC +00:00], ["name", "test 1"], ["updated_at", Mon, 04 Nov 2013 20:25:39 UTC +00:00]]
  [1m[35m (3.0ms)[0m  commit transaction
Redirected to http://localhost:3000/posts/1
Completed 302 Found in 64ms (ActiveRecord: 58.2ms)


Started GET "/posts/1" for 127.0.0.1 at 2013-11-04 14:25:39 -0600
Processing by PostsController#show as HTML
  Parameters: {"id"=>"1"}
  [1m[36mPost Load (0.2ms)[0m  [1mSELECT "posts".* FROM "posts" WHERE "posts"."id" = ? LIMIT 1[0m  [["id", "1"]]
  Rendered posts/show.html.erb within layouts/application (1.0ms)
Completed 200 OK in 8ms (Views: 5.3ms | ActiveRecord: 0.2ms)


Started GET "/assets/scaffolds.css?body=1" for 127.0.0.1 at 2013-11-04 14:25:39 -0600
Served asset /scaffolds.css - 304 Not Modified (0ms)


Started GET "/posts" for 127.0.0.1 at 2013-11-04 14:25:43 -0600
Processing by PostsController#index as HTML
  [1m[35mPost Load (0.1ms)[0m  SELECT "posts".* FROM "posts" 
  Rendered posts/index.html.erb within layouts/application (1.2ms)
Completed 200 OK in 7ms (Views: 6.1ms | ActiveRecord: 0.1ms)


Started GET "/assets/scaffolds.css?body=1" for 127.0.0.1 at 2013-11-04 14:25:43 -0600
Served asset /scaffolds.css - 304 Not Modified (0ms)


Started GET "/posts/1" for 127.0.0.1 at 2013-11-04 14:25:47 -0600
Processing by PostsController#show as HTML
  Parameters: {"id"=>"1"}
  [1m[36mPost Load (0.1ms)[0m  [1mSELECT "posts".* FROM "posts" WHERE "posts"."id" = ? LIMIT 1[0m  [["id", "1"]]
  Rendered posts/show.html.erb within layouts/application (0.4ms)
Completed 200 OK in 6ms (Views: 4.6ms | ActiveRecord: 0.1ms)


Started GET "/assets/scaffolds.css?body=1" for 127.0.0.1 at 2013-11-04 14:25:47 -0600
Served asset /scaffolds.css - 304 Not Modified (0ms)


Started GET "/posts" for 127.0.0.1 at 2013-11-04 14:34:35 -0600
Processing by PostsController#index as HTML
  [1m[35mPost Load (0.1ms)[0m  SELECT "posts".* FROM "posts" 
  Rendered posts/index.html.erb within layouts/application (1.0ms)
Completed 200 OK in 6ms (Views: 5.5ms | ActiveRecord: 0.1ms)


Started GET "/assets/scaffolds.css?body=1" for 127.0.0.1 at 2013-11-04 14:34:35 -0600
Served asset /scaffolds.css - 304 Not Modified (0ms)


Started GET "/posts/1" for 127.0.0.1 at 2013-11-04 14:45:34 -0600
Processing by PostsController#show as HTML
  Parameters: {"id"=>"1"}
  [1m[36mPost Load (0.1ms)[0m  [1mSELECT "posts".* FROM "posts" WHERE "posts"."id" = ? LIMIT 1[0m  [["id", "1"]]
  Rendered posts/show.html.erb within layouts/application (0.5ms)
Completed 200 OK in 6ms (Views: 5.3ms | ActiveRecord: 0.1ms)


Started GET "/assets/scaffolds.css?body=1" for 127.0.0.1 at 2013-11-04 14:45:35 -0600
Served asset /scaffolds.css - 304 Not Modified (0ms)
Connecting to database specified by database.yml
Connecting to database specified by database.yml
Connecting to database specified by database.yml
Connecting to database specified by database.yml
  [1m[36m (0.1ms)[0m  [1mSELECT "schema_migrations"."version" FROM "schema_migrations" [0m
Migrating to CreatePosts (20131024012127)
Migrating to DeviseCreateUsers (20131104180436)
Migrating to CreateComments (20131104205555)
  [1m[35m (0.0ms)[0m  select sqlite_version(*)
  [1m[36m (0.0ms)[0m  [1mbegin transaction[0m
  [1m[35m (0.1ms)[0m  CREATE TABLE "comments" ("id" INTEGER PRIMARY KEY AUTOINCREMENT NOT NULL, "commenter" varchar(255), "body" text, "post_id" integer, "created_at" datetime NOT NULL, "updated_at" datetime NOT NULL) 
SQLite3::SQLException: table "comments" already exists: CREATE TABLE "comments" ("id" INTEGER PRIMARY KEY AUTOINCREMENT NOT NULL, "commenter" varchar(255), "body" text, "post_id" integer, "created_at" datetime NOT NULL, "updated_at" datetime NOT NULL) 
  [1m[36m (0.0ms)[0m  [1mrollback transaction[0m
Connecting to database specified by database.yml
  [1m[36m (0.1ms)[0m  [1mselect sqlite_version(*)[0m
  [1m[35m (50.3ms)[0m  CREATE TABLE "schema_migrations" ("version" varchar(255) NOT NULL) 
  [1m[36m (2.8ms)[0m  [1mCREATE UNIQUE INDEX "unique_schema_migrations" ON "schema_migrations" ("version")[0m
  [1m[35m (0.1ms)[0m  SELECT "schema_migrations"."version" FROM "schema_migrations" 
Migrating to CreatePosts (20131024012127)
  [1m[36m (0.0ms)[0m  [1mbegin transaction[0m
  [1m[35m (0.5ms)[0m  CREATE TABLE "posts" ("id" INTEGER PRIMARY KEY AUTOINCREMENT NOT NULL, "name" varchar(255), "content" text, "created_at" datetime NOT NULL, "updated_at" datetime NOT NULL) 
  [1m[36m (0.1ms)[0m  [1mINSERT INTO "schema_migrations" ("version") VALUES ('20131024012127')[0m
  [1m[35m (4.2ms)[0m  commit transaction
Migrating to DeviseCreateUsers (20131104180436)
  [1m[36m (0.0ms)[0m  [1mbegin transaction[0m
  [1m[35m (0.4ms)[0m  CREATE TABLE "users" ("id" INTEGER PRIMARY KEY AUTOINCREMENT NOT NULL, "email" varchar(255) DEFAULT '' NOT NULL, "encrypted_password" varchar(255) DEFAULT '' NOT NULL, "reset_password_token" varchar(255), "reset_password_sent_at" datetime, "remember_created_at" datetime, "sign_in_count" integer DEFAULT 0 NOT NULL, "current_sign_in_at" datetime, "last_sign_in_at" datetime, "current_sign_in_ip" varchar(255), "last_sign_in_ip" varchar(255), "created_at" datetime NOT NULL, "updated_at" datetime NOT NULL) 
  [1m[36m (0.3ms)[0m  [1mCREATE UNIQUE INDEX "index_users_on_email" ON "users" ("email")[0m
  [1m[35m (0.2ms)[0m  CREATE UNIQUE INDEX "index_users_on_reset_password_token" ON "users" ("reset_password_token")
  [1m[36m (0.1ms)[0m  [1mINSERT INTO "schema_migrations" ("version") VALUES ('20131104180436')[0m
  [1m[35m (3.4ms)[0m  commit transaction
Migrating to CreateComments (20131104205555)
  [1m[36m (0.0ms)[0m  [1mbegin transaction[0m
  [1m[35m (0.5ms)[0m  CREATE TABLE "comments" ("id" INTEGER PRIMARY KEY AUTOINCREMENT NOT NULL, "commenter" varchar(255), "body" text, "post_id" integer, "created_at" datetime NOT NULL, "updated_at" datetime NOT NULL) 
  [1m[36m (0.1ms)[0m  [1mCREATE INDEX "index_comments_on_post_id" ON "comments" ("post_id")[0m
  [1m[35m (0.1ms)[0m  INSERT INTO "schema_migrations" ("version") VALUES ('20131104205555')
  [1m[36m (3.9ms)[0m  [1mcommit transaction[0m
  [1m[35m (0.1ms)[0m  SELECT "schema_migrations"."version" FROM "schema_migrations" 
Connecting to database specified by database.yml
Connecting to database specified by database.yml
Connecting to database specified by database.yml
Connecting to database specified by database.yml


Started GET "/" for 127.0.0.1 at 2013-11-04 15:05:44 -0600
Processing by PostsController#index as HTML
  [1m[35mPost Load (0.1ms)[0m  SELECT "posts".* FROM "posts" 
  Rendered posts/index.html.erb within layouts/application (0.4ms)
Completed 200 OK in 8ms (Views: 6.4ms | ActiveRecord: 0.6ms)


Started GET "/assets/scaffolds.css?body=1" for 127.0.0.1 at 2013-11-04 15:05:44 -0600
Served asset /scaffolds.css - 304 Not Modified (0ms)


Started GET "/posts/new" for 127.0.0.1 at 2013-11-04 15:05:46 -0600
Processing by PostsController#new as HTML
  Rendered posts/_form.html.erb (2.8ms)
  Rendered posts/new.html.erb within layouts/application (3.5ms)
Completed 200 OK in 15ms (Views: 9.9ms | ActiveRecord: 0.0ms)


Started GET "/assets/scaffolds.css?body=1" for 127.0.0.1 at 2013-11-04 15:05:46 -0600
Served asset /scaffolds.css - 304 Not Modified (0ms)


Started POST "/posts" for 127.0.0.1 at 2013-11-04 15:05:53 -0600
Processing by PostsController#create as HTML
  Parameters: {"utf8"=>"âœ“", "authenticity_token"=>"SZqY24ltrOjrnM3J1vRcrLSmNIzvTrMr7YQSkozw6vw=", "post"=>{"name"=>"lj", "content"=>";lj"}, "commit"=>"Create Post"}
  [1m[36m (0.1ms)[0m  [1mbegin transaction[0m
  [1m[35mSQL (0.4ms)[0m  INSERT INTO "posts" ("content", "created_at", "name", "updated_at") VALUES (?, ?, ?, ?)  [["content", ";lj"], ["created_at", Mon, 04 Nov 2013 21:05:53 UTC +00:00], ["name", "lj"], ["updated_at", Mon, 04 Nov 2013 21:05:53 UTC +00:00]]
  [1m[36m (110.9ms)[0m  [1mcommit transaction[0m
Redirected to http://localhost:3000/posts/1
Completed 302 Found in 116ms (ActiveRecord: 111.4ms)


Started GET "/posts/1" for 127.0.0.1 at 2013-11-04 15:05:53 -0600
Processing by PostsController#show as HTML
  Parameters: {"id"=>"1"}
  [1m[35mPost Load (0.2ms)[0m  SELECT "posts".* FROM "posts" WHERE "posts"."id" = ? LIMIT 1  [["id", "1"]]
  [1m[36mComment Load (0.1ms)[0m  [1mSELECT "comments".* FROM "comments" WHERE "comments"."post_id" = 1[0m
  Rendered collection (0.0ms)
  Rendered comments/_form.html.erb (22.1ms)
  Rendered posts/show.html.erb within layouts/application (81.6ms)
Completed 500 Internal Server Error in 85ms

ActionView::Template::Error (undefined method `model_name' for NilClass:Class):
    1: <%= form_for(@comment) do |f| %>
    2:   <% if @comment.errors.any? %>
    3:     <div id="error_explanation">
    4:       <h2><%= pluralize(@comment.errors.count, "error") %> prohibited this comment from being saved:</h2>
  app/views/comments/_form.html.erb:1:in `_app_views_comments__form_html_erb__3467226128453909466_70131819629880'
  app/views/posts/show.html.erb:17:in `_app_views_posts_show_html_erb___3199302470751755531_70131832462620'
  app/controllers/posts_controller.rb:18:in `show'


  Rendered /Users/Thaddeus/.rvm/gems/ruby-2.0.0-p247/gems/actionpack-3.2.12/lib/action_dispatch/middleware/templates/rescues/_trace.erb (1.7ms)
  Rendered /Users/Thaddeus/.rvm/gems/ruby-2.0.0-p247/gems/actionpack-3.2.12/lib/action_dispatch/middleware/templates/rescues/_request_and_response.erb (1.1ms)
  Rendered /Users/Thaddeus/.rvm/gems/ruby-2.0.0-p247/gems/actionpack-3.2.12/lib/action_dispatch/middleware/templates/rescues/template_error.erb within rescues/layout (12.4ms)


Started GET "/posts/1" for 127.0.0.1 at 2013-11-04 15:07:10 -0600
Processing by PostsController#show as HTML
  Parameters: {"id"=>"1"}
  [1m[35mPost Load (0.2ms)[0m  SELECT "posts".* FROM "posts" WHERE "posts"."id" = ? LIMIT 1  [["id", "1"]]
  [1m[36mComment Load (0.1ms)[0m  [1mSELECT "comments".* FROM "comments" WHERE "comments"."post_id" = 1[0m
  Rendered collection (0.0ms)
  Rendered posts/show.html.erb within layouts/application (2.3ms)
Completed 200 OK in 37ms (Views: 35.4ms | ActiveRecord: 0.3ms)


Started GET "/assets/scaffolds.css?body=1" for 127.0.0.1 at 2013-11-04 15:07:10 -0600
Served asset /scaffolds.css - 304 Not Modified (0ms)


Started GET "/posts/1" for 127.0.0.1 at 2013-11-04 15:07:58 -0600
Processing by PostsController#show as HTML
  Parameters: {"id"=>"1"}
  [1m[35mPost Load (0.1ms)[0m  SELECT "posts".* FROM "posts" WHERE "posts"."id" = ? LIMIT 1  [["id", "1"]]
  [1m[36mComment Load (0.2ms)[0m  [1mSELECT "comments".* FROM "comments" WHERE "comments"."post_id" = 1[0m
  Rendered collection (0.0ms)
  Rendered posts/show.html.erb within layouts/application (2.0ms)
Completed 200 OK in 9ms (Views: 7.4ms | ActiveRecord: 0.3ms)


Started GET "/assets/scaffolds.css?body=1" for 127.0.0.1 at 2013-11-04 15:07:58 -0600
Served asset /scaffolds.css - 304 Not Modified (0ms)


Started GET "/posts/1" for 127.0.0.1 at 2013-11-04 15:08:00 -0600
Processing by PostsController#show as HTML
  Parameters: {"id"=>"1"}
  [1m[35mPost Load (0.1ms)[0m  SELECT "posts".* FROM "posts" WHERE "posts"."id" = ? LIMIT 1  [["id", "1"]]
  [1m[36mComment Load (0.2ms)[0m  [1mSELECT "comments".* FROM "comments" WHERE "comments"."post_id" = 1[0m
  Rendered collection (0.0ms)
  Rendered posts/show.html.erb within layouts/application (1.9ms)
Completed 200 OK in 9ms (Views: 8.1ms | ActiveRecord: 0.3ms)


Started GET "/assets/scaffolds.css?body=1" for 127.0.0.1 at 2013-11-04 15:08:00 -0600
Served asset /scaffolds.css - 304 Not Modified (0ms)


Started GET "/posts/1" for 127.0.0.1 at 2013-11-04 15:08:05 -0600
Processing by PostsController#show as HTML
  Parameters: {"id"=>"1"}
  [1m[35mPost Load (0.1ms)[0m  SELECT "posts".* FROM "posts" WHERE "posts"."id" = ? LIMIT 1  [["id", "1"]]
  [1m[36mComment Load (0.2ms)[0m  [1mSELECT "comments".* FROM "comments" WHERE "comments"."post_id" = 1[0m
  Rendered collection (0.0ms)
  Rendered comments/_form.html.erb (0.7ms)
  Rendered posts/show.html.erb within layouts/application (4.1ms)
Completed 500 Internal Server Error in 7ms

ActionView::Template::Error (undefined method `model_name' for NilClass:Class):
    1: <%= form_for(@comment) do |f| %>
    2:   <% if @comment.errors.any? %>
    3:     <div id="error_explanation">
    4:       <h2><%= pluralize(@comment.errors.count, "error") %> prohibited this comment from being saved:</h2>
  app/views/comments/_form.html.erb:1:in `_app_views_comments__form_html_erb__3467226128453909466_70131819629880'
  app/views/posts/show.html.erb:18:in `_app_views_posts_show_html_erb___3199302470751755531_70131832230420'
  app/controllers/posts_controller.rb:18:in `show'


  Rendered /Users/Thaddeus/.rvm/gems/ruby-2.0.0-p247/gems/actionpack-3.2.12/lib/action_dispatch/middleware/templates/rescues/_trace.erb (1.2ms)
  Rendered /Users/Thaddeus/.rvm/gems/ruby-2.0.0-p247/gems/actionpack-3.2.12/lib/action_dispatch/middleware/templates/rescues/_request_and_response.erb (0.8ms)
  Rendered /Users/Thaddeus/.rvm/gems/ruby-2.0.0-p247/gems/actionpack-3.2.12/lib/action_dispatch/middleware/templates/rescues/template_error.erb within rescues/layout (7.3ms)


Started GET "/posts/" for 127.0.0.1 at 2013-11-04 15:10:35 -0600
Processing by PostsController#index as HTML
  [1m[35mPost Load (0.2ms)[0m  SELECT "posts".* FROM "posts" 
  Rendered posts/index.html.erb within layouts/application (1.5ms)
Completed 200 OK in 8ms (Views: 7.2ms | ActiveRecord: 0.2ms)


Started GET "/assets/scaffolds.css?body=1" for 127.0.0.1 at 2013-11-04 15:10:35 -0600
Served asset /scaffolds.css - 304 Not Modified (0ms)


Started GET "/posts/new" for 127.0.0.1 at 2013-11-04 15:10:38 -0600
Processing by PostsController#new as HTML
  Rendered posts/_form.html.erb (1.8ms)
  Rendered posts/new.html.erb within layouts/application (2.5ms)
Completed 200 OK in 9ms (Views: 8.2ms | ActiveRecord: 0.0ms)


Started GET "/assets/scaffolds.css?body=1" for 127.0.0.1 at 2013-11-04 15:10:38 -0600
Served asset /scaffolds.css - 304 Not Modified (0ms)


Started POST "/posts" for 127.0.0.1 at 2013-11-04 15:10:42 -0600
Processing by PostsController#create as HTML
  Parameters: {"utf8"=>"âœ“", "authenticity_token"=>"SZqY24ltrOjrnM3J1vRcrLSmNIzvTrMr7YQSkozw6vw=", "post"=>{"name"=>"asfd", "content"=>"asdf"}, "commit"=>"Create Post"}
  [1m[36m (0.1ms)[0m  [1mbegin transaction[0m
  [1m[35mSQL (0.4ms)[0m  INSERT INTO "posts" ("content", "created_at", "name", "updated_at") VALUES (?, ?, ?, ?)  [["content", "asdf"], ["created_at", Mon, 04 Nov 2013 21:10:42 UTC +00:00], ["name", "asfd"], ["updated_at", Mon, 04 Nov 2013 21:10:42 UTC +00:00]]
  [1m[36m (42.0ms)[0m  [1mcommit transaction[0m
Redirected to http://localhost:3000/posts/2
Completed 302 Found in 45ms (ActiveRecord: 42.5ms)


Started GET "/posts/2" for 127.0.0.1 at 2013-11-04 15:10:42 -0600
Processing by PostsController#show as HTML
  Parameters: {"id"=>"2"}
  [1m[35mPost Load (0.2ms)[0m  SELECT "posts".* FROM "posts" WHERE "posts"."id" = ? LIMIT 1  [["id", "2"]]
  [1m[36mComment Load (0.2ms)[0m  [1mSELECT "comments".* FROM "comments" WHERE "comments"."post_id" = 2[0m
  Rendered collection (0.0ms)
  Rendered comments/_form.html.erb (7.7ms)
  Rendered posts/show.html.erb within layouts/application (9.4ms)
Completed 500 Internal Server Error in 12ms

ActionView::Template::Error (undefined method `errors' for nil:NilClass):
    1: <%= form_for([@post, @post.comments.build]) do |f| %>
    2:   <% if @comment.errors.any? %>
    3:     <div id="error_explanation">
    4:       <h2><%= pluralize(@comment.errors.count, "error") %> prohibited this comment from being saved:</h2>
    5: 
  app/views/comments/_form.html.erb:2:in `block in _app_views_comments__form_html_erb__3467226128453909466_70131824955140'
  app/views/comments/_form.html.erb:1:in `_app_views_comments__form_html_erb__3467226128453909466_70131824955140'
  app/views/posts/show.html.erb:18:in `_app_views_posts_show_html_erb___3199302470751755531_70131832230420'
  app/controllers/posts_controller.rb:18:in `show'


  Rendered /Users/Thaddeus/.rvm/gems/ruby-2.0.0-p247/gems/actionpack-3.2.12/lib/action_dispatch/middleware/templates/rescues/_trace.erb (1.4ms)
  Rendered /Users/Thaddeus/.rvm/gems/ruby-2.0.0-p247/gems/actionpack-3.2.12/lib/action_dispatch/middleware/templates/rescues/_request_and_response.erb (1.0ms)
  Rendered /Users/Thaddeus/.rvm/gems/ruby-2.0.0-p247/gems/actionpack-3.2.12/lib/action_dispatch/middleware/templates/rescues/template_error.erb within rescues/layout (7.8ms)


Started GET "/posts/" for 127.0.0.1 at 2013-11-04 15:14:40 -0600
Processing by PostsController#index as HTML
  [1m[35mPost Load (0.2ms)[0m  SELECT "posts".* FROM "posts" 
  Rendered posts/index.html.erb within layouts/application (1.9ms)
Completed 200 OK in 11ms (Views: 9.6ms | ActiveRecord: 0.2ms)


Started GET "/assets/application.css?body=1" for 127.0.0.1 at 2013-11-04 15:14:40 -0600
Served asset /application.css - 200 OK (81ms)


Started GET "/assets/comments.css?body=1" for 127.0.0.1 at 2013-11-04 15:14:40 -0600
Served asset /comments.css - 200 OK (2ms)


Started GET "/assets/posts.css?body=1" for 127.0.0.1 at 2013-11-04 15:14:40 -0600
Served asset /posts.css - 200 OK (1ms)


Started GET "/assets/jquery.js?body=1" for 127.0.0.1 at 2013-11-04 15:14:40 -0600
Served asset /jquery.js - 304 Not Modified (0ms)


Started GET "/assets/scaffolds.css?body=1" for 127.0.0.1 at 2013-11-04 15:14:40 -0600
Served asset /scaffolds.css - 304 Not Modified (0ms)


Started GET "/assets/jquery_ujs.js?body=1" for 127.0.0.1 at 2013-11-04 15:14:40 -0600
Served asset /jquery_ujs.js - 200 OK (3ms)


Started GET "/assets/comments.js?body=1" for 127.0.0.1 at 2013-11-04 15:14:40 -0600
Served asset /comments.js - 200 OK (1ms)


Started GET "/assets/posts.js?body=1" for 127.0.0.1 at 2013-11-04 15:14:40 -0600
Served asset /posts.js - 200 OK (2ms)


Started GET "/assets/application.js?body=1" for 127.0.0.1 at 2013-11-04 15:14:40 -0600
Served asset /application.js - 200 OK (17ms)


Started GET "/posts/new" for 127.0.0.1 at 2013-11-04 15:14:42 -0600
Processing by PostsController#new as HTML
  Rendered posts/_form.html.erb (1.9ms)
  Rendered posts/new.html.erb within layouts/application (2.7ms)
Completed 200 OK in 9ms (Views: 8.4ms | ActiveRecord: 0.0ms)


Started GET "/assets/scaffolds.css?body=1" for 127.0.0.1 at 2013-11-04 15:14:42 -0600
Served asset /scaffolds.css - 304 Not Modified (0ms)


Started GET "/assets/jquery.js?body=1" for 127.0.0.1 at 2013-11-04 15:14:42 -0600
Served asset /jquery.js - 304 Not Modified (0ms)


Started POST "/posts" for 127.0.0.1 at 2013-11-04 15:14:49 -0600
Processing by PostsController#create as HTML
  Parameters: {"utf8"=>"âœ“", "authenticity_token"=>"SZqY24ltrOjrnM3J1vRcrLSmNIzvTrMr7YQSkozw6vw=", "post"=>{"name"=>"this is ", "content"=>"a test"}, "commit"=>"Create Post"}
  [1m[36m (0.1ms)[0m  [1mbegin transaction[0m
  [1m[35mSQL (0.4ms)[0m  INSERT INTO "posts" ("content", "created_at", "name", "updated_at") VALUES (?, ?, ?, ?)  [["content", "a test"], ["created_at", Mon, 04 Nov 2013 21:14:49 UTC +00:00], ["name", "this is "], ["updated_at", Mon, 04 Nov 2013 21:14:49 UTC +00:00]]
  [1m[36m (13.0ms)[0m  [1mcommit transaction[0m
Redirected to http://localhost:3000/posts/3
Completed 302 Found in 38ms (ActiveRecord: 13.5ms)


Started GET "/posts/3" for 127.0.0.1 at 2013-11-04 15:14:49 -0600
Processing by PostsController#show as HTML
  Parameters: {"id"=>"3"}
  [1m[35mPost Load (0.1ms)[0m  SELECT "posts".* FROM "posts" WHERE "posts"."id" = ? LIMIT 1  [["id", "3"]]
  [1m[36mComment Load (0.1ms)[0m  [1mSELECT "comments".* FROM "comments" WHERE "comments"."post_id" = 3[0m
  Rendered collection (0.0ms)
  Rendered comments/_form.html.erb (1.5ms)
  Rendered posts/show.html.erb within layouts/application (3.0ms)
Completed 500 Internal Server Error in 5ms

ActionView::Template::Error (undefined method `errors' for nil:NilClass):
    1: <%= form_for([@post, @post.comments.build]) do |f| %>
    2:   <% if @comment.errors.any? %>
    3:     <div id="error_explanation">
    4:       <h2><%= pluralize(@comment.errors.count, "error") %> prohibited this comment from being saved:</h2>
    5: 
  app/views/comments/_form.html.erb:2:in `block in _app_views_comments__form_html_erb__3467226128453909466_70131824955140'
  app/views/comments/_form.html.erb:1:in `_app_views_comments__form_html_erb__3467226128453909466_70131824955140'
  app/views/posts/show.html.erb:18:in `_app_views_posts_show_html_erb___3199302470751755531_70131832230420'
  app/controllers/posts_controller.rb:18:in `show'


  Rendered /Users/Thaddeus/.rvm/gems/ruby-2.0.0-p247/gems/actionpack-3.2.12/lib/action_dispatch/middleware/templates/rescues/_trace.erb (1.5ms)
  Rendered /Users/Thaddeus/.rvm/gems/ruby-2.0.0-p247/gems/actionpack-3.2.12/lib/action_dispatch/middleware/templates/rescues/_request_and_response.erb (1.0ms)
  Rendered /Users/Thaddeus/.rvm/gems/ruby-2.0.0-p247/gems/actionpack-3.2.12/lib/action_dispatch/middleware/templates/rescues/template_error.erb within rescues/layout (8.4ms)


Started GET "/" for 127.0.0.1 at 2013-11-04 15:17:06 -0600
Processing by PostsController#index as HTML
  [1m[35mPost Load (0.2ms)[0m  SELECT "posts".* FROM "posts" 
  Rendered posts/index.html.erb within layouts/application (3.2ms)
Completed 200 OK in 10ms (Views: 9.1ms | ActiveRecord: 0.2ms)


Started GET "/assets/scaffolds.css?body=1" for 127.0.0.1 at 2013-11-04 15:17:07 -0600
Served asset /scaffolds.css - 304 Not Modified (0ms)


Started GET "/assets/jquery.js?body=1" for 127.0.0.1 at 2013-11-04 15:17:07 -0600
Served asset /jquery.js - 304 Not Modified (0ms)


Started GET "/posts/new" for 127.0.0.1 at 2013-11-04 15:17:08 -0600
Processing by PostsController#new as HTML
  Rendered posts/_form.html.erb (2.0ms)
  Rendered posts/new.html.erb within layouts/application (2.8ms)
Completed 200 OK in 9ms (Views: 8.5ms | ActiveRecord: 0.0ms)


Started GET "/assets/scaffolds.css?body=1" for 127.0.0.1 at 2013-11-04 15:17:09 -0600
Served asset /scaffolds.css - 304 Not Modified (0ms)


Started GET "/assets/jquery.js?body=1" for 127.0.0.1 at 2013-11-04 15:17:09 -0600
Served asset /jquery.js - 304 Not Modified (0ms)


Started POST "/posts" for 127.0.0.1 at 2013-11-04 15:17:17 -0600
Processing by PostsController#create as HTML
  Parameters: {"utf8"=>"âœ“", "authenticity_token"=>"SZqY24ltrOjrnM3J1vRcrLSmNIzvTrMr7YQSkozw6vw=", "post"=>{"name"=>"this is ", "content"=>"another test"}, "commit"=>"Create Post"}
  [1m[36m (0.1ms)[0m  [1mbegin transaction[0m
  [1m[35mSQL (0.4ms)[0m  INSERT INTO "posts" ("content", "created_at", "name", "updated_at") VALUES (?, ?, ?, ?)  [["content", "another test"], ["created_at", Mon, 04 Nov 2013 21:17:17 UTC +00:00], ["name", "this is "], ["updated_at", Mon, 04 Nov 2013 21:17:17 UTC +00:00]]
  [1m[36m (2.5ms)[0m  [1mcommit transaction[0m
Redirected to http://localhost:3000/posts/4
Completed 302 Found in 28ms (ActiveRecord: 3.0ms)


Started GET "/posts/4" for 127.0.0.1 at 2013-11-04 15:17:17 -0600
Processing by PostsController#show as HTML
  Parameters: {"id"=>"4"}
  [1m[35mPost Load (0.1ms)[0m  SELECT "posts".* FROM "posts" WHERE "posts"."id" = ? LIMIT 1  [["id", "4"]]
  [1m[36mComment Load (0.1ms)[0m  [1mSELECT "comments".* FROM "comments" WHERE "comments"."post_id" = 4[0m
  Rendered collection (0.0ms)
  [1m[35mPost Load (0.2ms)[0m  SELECT "posts".* FROM "posts" WHERE "posts"."id" = 4 LIMIT 1
  Rendered comments/_form.html.erb (27.4ms)
  Rendered posts/show.html.erb within layouts/application (29.5ms)
Completed 200 OK in 36ms (Views: 35.0ms | ActiveRecord: 0.5ms)


Started GET "/assets/jquery.js?body=1" for 127.0.0.1 at 2013-11-04 15:17:17 -0600
Served asset /jquery.js - 304 Not Modified (0ms)


Started GET "/assets/scaffolds.css?body=1" for 127.0.0.1 at 2013-11-04 15:17:17 -0600
Served asset /scaffolds.css - 304 Not Modified (0ms)


Started POST "/posts/4/comments" for 127.0.0.1 at 2013-11-04 15:17:28 -0600
Processing by CommentsController#create as HTML
  Parameters: {"utf8"=>"âœ“", "authenticity_token"=>"SZqY24ltrOjrnM3J1vRcrLSmNIzvTrMr7YQSkozw6vw=", "comment"=>{"commenter"=>"tihs is a commet", "body"=>"asdfsdf", "post"=>"#<Post:0x007f91adef2bf8>"}, "commit"=>"Create Comment", "post_id"=>"4"}
Completed 500 Internal Server Error in 1ms

ActiveModel::MassAssignmentSecurity::Error (Can't mass-assign protected attributes: post):
  app/controllers/comments_controller.rb:43:in `new'
  app/controllers/comments_controller.rb:43:in `create'


  Rendered /Users/Thaddeus/.rvm/gems/ruby-2.0.0-p247/gems/actionpack-3.2.12/lib/action_dispatch/middleware/templates/rescues/_trace.erb (1.9ms)
  Rendered /Users/Thaddeus/.rvm/gems/ruby-2.0.0-p247/gems/actionpack-3.2.12/lib/action_dispatch/middleware/templates/rescues/_request_and_response.erb (2.0ms)
  Rendered /Users/Thaddeus/.rvm/gems/ruby-2.0.0-p247/gems/actionpack-3.2.12/lib/action_dispatch/middleware/templates/rescues/diagnostics.erb within rescues/layout (14.9ms)


Started POST "/posts/4/comments" for 127.0.0.1 at 2013-11-04 15:56:50 -0600
Processing by CommentsController#create as HTML
  Parameters: {"utf8"=>"âœ“", "authenticity_token"=>"SZqY24ltrOjrnM3J1vRcrLSmNIzvTrMr7YQSkozw6vw=", "comment"=>{"commenter"=>"tihs is a commet", "body"=>"asdfsdf", "post"=>"#<Post:0x007f91adef2bf8>"}, "commit"=>"Create Comment", "post_id"=>"4"}
Completed 500 Internal Server Error in 0ms

ActiveModel::MassAssignmentSecurity::Error (Can't mass-assign protected attributes: post):
  app/controllers/comments_controller.rb:43:in `new'
  app/controllers/comments_controller.rb:43:in `create'


  Rendered /Users/Thaddeus/.rvm/gems/ruby-2.0.0-p247/gems/actionpack-3.2.12/lib/action_dispatch/middleware/templates/rescues/_trace.erb (1.1ms)
  Rendered /Users/Thaddeus/.rvm/gems/ruby-2.0.0-p247/gems/actionpack-3.2.12/lib/action_dispatch/middleware/templates/rescues/_request_and_response.erb (0.9ms)
  Rendered /Users/Thaddeus/.rvm/gems/ruby-2.0.0-p247/gems/actionpack-3.2.12/lib/action_dispatch/middleware/templates/rescues/diagnostics.erb within rescues/layout (7.4ms)


Started POST "/posts/4/comments" for 127.0.0.1 at 2013-11-04 16:01:50 -0600
Processing by CommentsController#create as HTML
  Parameters: {"utf8"=>"âœ“", "authenticity_token"=>"SZqY24ltrOjrnM3J1vRcrLSmNIzvTrMr7YQSkozw6vw=", "comment"=>{"commenter"=>"tihs is a commet", "body"=>"asdfsdf", "post"=>"#<Post:0x007f91adef2bf8>"}, "commit"=>"Create Comment", "post_id"=>"4"}
Completed 500 Internal Server Error in 15ms

ActiveRecord::AssociationTypeMismatch (Post(#70131831716560) expected, got String(#70131816795180)):
  app/controllers/comments_controller.rb:43:in `new'
  app/controllers/comments_controller.rb:43:in `create'


  Rendered /Users/Thaddeus/.rvm/gems/ruby-2.0.0-p247/gems/actionpack-3.2.12/lib/action_dispatch/middleware/templates/rescues/_trace.erb (1.4ms)
  Rendered /Users/Thaddeus/.rvm/gems/ruby-2.0.0-p247/gems/actionpack-3.2.12/lib/action_dispatch/middleware/templates/rescues/_request_and_response.erb (1.0ms)
  Rendered /Users/Thaddeus/.rvm/gems/ruby-2.0.0-p247/gems/actionpack-3.2.12/lib/action_dispatch/middleware/templates/rescues/diagnostics.erb within rescues/layout (8.5ms)


Started GET "/" for 127.0.0.1 at 2013-11-04 16:02:55 -0600
Processing by PostsController#index as HTML
  [1m[36mPost Load (0.1ms)[0m  [1mSELECT "posts".* FROM "posts" [0m
  Rendered posts/index.html.erb within layouts/application (5.5ms)
Completed 200 OK in 21ms (Views: 13.7ms | ActiveRecord: 0.3ms)


Started GET "/assets/comments.css?body=1" for 127.0.0.1 at 2013-11-04 16:02:55 -0600
Served asset /comments.css - 304 Not Modified (0ms)


Started GET "/assets/scaffolds.css?body=1" for 127.0.0.1 at 2013-11-04 16:02:55 -0600
Served asset /scaffolds.css - 304 Not Modified (0ms)


Started GET "/assets/jquery.js?body=1" for 127.0.0.1 at 2013-11-04 16:02:55 -0600
Served asset /jquery.js - 304 Not Modified (0ms)


Started GET "/assets/comments.js?body=1" for 127.0.0.1 at 2013-11-04 16:02:55 -0600
Served asset /comments.js - 304 Not Modified (0ms)


Started GET "/posts/new" for 127.0.0.1 at 2013-11-04 16:02:58 -0600
Processing by PostsController#new as HTML
  Rendered posts/_form.html.erb (2.1ms)
  Rendered posts/new.html.erb within layouts/application (2.8ms)
Completed 200 OK in 9ms (Views: 8.2ms | ActiveRecord: 0.0ms)


Started GET "/assets/comments.css?body=1" for 127.0.0.1 at 2013-11-04 16:02:58 -0600
Served asset /comments.css - 304 Not Modified (0ms)


Started GET "/assets/scaffolds.css?body=1" for 127.0.0.1 at 2013-11-04 16:02:58 -0600
Served asset /scaffolds.css - 304 Not Modified (0ms)


Started GET "/assets/comments.js?body=1" for 127.0.0.1 at 2013-11-04 16:02:58 -0600
Served asset /comments.js - 304 Not Modified (0ms)


Started GET "/assets/jquery.js?body=1" for 127.0.0.1 at 2013-11-04 16:02:58 -0600
Served asset /jquery.js - 304 Not Modified (0ms)


Started POST "/posts" for 127.0.0.1 at 2013-11-04 16:03:02 -0600
Processing by PostsController#create as HTML
  Parameters: {"utf8"=>"âœ“", "authenticity_token"=>"SZqY24ltrOjrnM3J1vRcrLSmNIzvTrMr7YQSkozw6vw=", "post"=>{"name"=>"blah", "content"=>"blah"}, "commit"=>"Create Post"}
  [1m[35m (0.1ms)[0m  begin transaction
  [1m[36mSQL (0.5ms)[0m  [1mINSERT INTO "posts" ("content", "created_at", "name", "updated_at") VALUES (?, ?, ?, ?)[0m  [["content", "blah"], ["created_at", Mon, 04 Nov 2013 22:03:02 UTC +00:00], ["name", "blah"], ["updated_at", Mon, 04 Nov 2013 22:03:02 UTC +00:00]]
  [1m[35m (2.8ms)[0m  commit transaction
Redirected to http://localhost:3000/posts/5
Completed 302 Found in 8ms (ActiveRecord: 3.3ms)


Started GET "/posts/5" for 127.0.0.1 at 2013-11-04 16:03:02 -0600
Processing by PostsController#show as HTML
  Parameters: {"id"=>"5"}
  [1m[36mPost Load (0.2ms)[0m  [1mSELECT "posts".* FROM "posts" WHERE "posts"."id" = ? LIMIT 1[0m  [["id", "5"]]
  [1m[35mComment Load (0.1ms)[0m  SELECT "comments".* FROM "comments" WHERE "comments"."post_id" = 5
  Rendered collection (0.0ms)
  [1m[36mCACHE (0.0ms)[0m  [1mSELECT "comments".* FROM "comments" WHERE "comments"."post_id" = 5[0m
  Rendered comments/_form.html.erb (26.1ms)
  Rendered posts/show.html.erb within layouts/application (28.8ms)
Completed 500 Internal Server Error in 32ms

ActionView::Template::Error (undefined method `errors' for []:ActiveRecord::Relation):
    1: <%= form_for([@post, @post.comments.build]) do |f| %>
    2:   <% if @post.comments.errors.any? %>
    3:     <div id="error_explanation">
    4:       <h2><%= pluralize(@post.comments.errors.count, "error") %> prohibited this comment from being saved:</h2>
    5: 
  app/views/comments/_form.html.erb:2:in `block in _app_views_comments__form_html_erb__3467226128453909466_70131818767080'
  app/views/comments/_form.html.erb:1:in `_app_views_comments__form_html_erb__3467226128453909466_70131818767080'
  app/views/posts/show.html.erb:18:in `_app_views_posts_show_html_erb___3199302470751755531_70131832230420'
  app/controllers/posts_controller.rb:18:in `show'


  Rendered /Users/Thaddeus/.rvm/gems/ruby-2.0.0-p247/gems/actionpack-3.2.12/lib/action_dispatch/middleware/templates/rescues/_trace.erb (1.2ms)
  Rendered /Users/Thaddeus/.rvm/gems/ruby-2.0.0-p247/gems/actionpack-3.2.12/lib/action_dispatch/middleware/templates/rescues/_request_and_response.erb (0.9ms)
  Rendered /Users/Thaddeus/.rvm/gems/ruby-2.0.0-p247/gems/actionpack-3.2.12/lib/action_dispatch/middleware/templates/rescues/template_error.erb within rescues/layout (7.2ms)


Started POST "/posts" for 127.0.0.1 at 2013-11-04 16:04:07 -0600
Processing by PostsController#create as HTML
  Parameters: {"utf8"=>"âœ“", "authenticity_token"=>"SZqY24ltrOjrnM3J1vRcrLSmNIzvTrMr7YQSkozw6vw=", "post"=>{"name"=>"blah", "content"=>"blah"}, "commit"=>"Create Post"}
  [1m[35m (0.1ms)[0m  begin transaction
  [1m[36mSQL (0.4ms)[0m  [1mINSERT INTO "posts" ("content", "created_at", "name", "updated_at") VALUES (?, ?, ?, ?)[0m  [["content", "blah"], ["created_at", Mon, 04 Nov 2013 22:04:07 UTC +00:00], ["name", "blah"], ["updated_at", Mon, 04 Nov 2013 22:04:07 UTC +00:00]]
  [1m[35m (49.9ms)[0m  commit transaction
Redirected to http://localhost:3000/posts/6
Completed 302 Found in 54ms (ActiveRecord: 50.4ms)


Started GET "/posts/6" for 127.0.0.1 at 2013-11-04 16:04:07 -0600
Processing by PostsController#show as HTML
  Parameters: {"id"=>"6"}
  [1m[36mPost Load (0.1ms)[0m  [1mSELECT "posts".* FROM "posts" WHERE "posts"."id" = ? LIMIT 1[0m  [["id", "6"]]
  [1m[35mComment Load (0.1ms)[0m  SELECT "comments".* FROM "comments" WHERE "comments"."post_id" = 6
  Rendered collection (0.0ms)
  Rendered comments/_form.html.erb (1.6ms)
  Rendered posts/show.html.erb within layouts/application (3.1ms)
Completed 500 Internal Server Error in 6ms

ActionView::Template::Error (undefined method `model_name' for NilClass:Class):
    1: <%= form_for(@comments) do |f| %>
    2:   <% if @comments.errors.any? %>
    3:     <div id="error_explanation">
    4:       <h2><%= pluralize(@comments.errors.count, "error") %> prohibited this comment from being saved:</h2>
  app/views/comments/_form.html.erb:1:in `_app_views_comments__form_html_erb__3467226128453909466_70131832169140'
  app/views/posts/show.html.erb:18:in `_app_views_posts_show_html_erb___3199302470751755531_70131832230420'
  app/controllers/posts_controller.rb:18:in `show'


  Rendered /Users/Thaddeus/.rvm/gems/ruby-2.0.0-p247/gems/actionpack-3.2.12/lib/action_dispatch/middleware/templates/rescues/_trace.erb (1.3ms)
  Rendered /Users/Thaddeus/.rvm/gems/ruby-2.0.0-p247/gems/actionpack-3.2.12/lib/action_dispatch/middleware/templates/rescues/_request_and_response.erb (1.0ms)
  Rendered /Users/Thaddeus/.rvm/gems/ruby-2.0.0-p247/gems/actionpack-3.2.12/lib/action_dispatch/middleware/templates/rescues/template_error.erb within rescues/layout (7.7ms)


Started POST "/posts" for 127.0.0.1 at 2013-11-04 16:04:58 -0600
Processing by PostsController#create as HTML
  Parameters: {"utf8"=>"âœ“", "authenticity_token"=>"SZqY24ltrOjrnM3J1vRcrLSmNIzvTrMr7YQSkozw6vw=", "post"=>{"name"=>"blah", "content"=>"blah"}, "commit"=>"Create Post"}
  [1m[36m (0.1ms)[0m  [1mbegin transaction[0m
  [1m[35mSQL (0.5ms)[0m  INSERT INTO "posts" ("content", "created_at", "name", "updated_at") VALUES (?, ?, ?, ?)  [["content", "blah"], ["created_at", Mon, 04 Nov 2013 22:04:58 UTC +00:00], ["name", "blah"], ["updated_at", Mon, 04 Nov 2013 22:04:58 UTC +00:00]]
  [1m[36m (46.7ms)[0m  [1mcommit transaction[0m
Redirected to http://localhost:3000/posts/7
Completed 302 Found in 50ms (ActiveRecord: 47.3ms)


Started GET "/posts/7" for 127.0.0.1 at 2013-11-04 16:04:58 -0600
Processing by PostsController#show as HTML
  Parameters: {"id"=>"7"}
  [1m[35mPost Load (0.1ms)[0m  SELECT "posts".* FROM "posts" WHERE "posts"."id" = ? LIMIT 1  [["id", "7"]]
  [1m[36mComment Load (0.1ms)[0m  [1mSELECT "comments".* FROM "comments" WHERE "comments"."post_id" = 7[0m
  Rendered collection (0.0ms)
  [1m[35mCACHE (0.0ms)[0m  SELECT "comments".* FROM "comments" WHERE "comments"."post_id" = 7
  Rendered comments/_form.html.erb (3.6ms)
  Rendered posts/show.html.erb within layouts/application (5.5ms)
Completed 500 Internal Server Error in 28ms

ActionView::Template::Error (undefined method `errors' for []:ActiveRecord::Relation):
    1: <%= form_for([@post, @post.comments.build]) do |f| %>
    2:   <% if @post.comments.errors.any? %>
    3:     <div id="error_explanation">
    4:       <h2><%= pluralize(@post.comments.errors.count, "error") %> prohibited this comment from being saved:</h2>
    5: 
  app/views/comments/_form.html.erb:2:in `block in _app_views_comments__form_html_erb__3467226128453909466_70131825313480'
  app/views/comments/_form.html.erb:1:in `_app_views_comments__form_html_erb__3467226128453909466_70131825313480'
  app/views/posts/show.html.erb:18:in `_app_views_posts_show_html_erb___3199302470751755531_70131832230420'
  app/controllers/posts_controller.rb:18:in `show'


  Rendered /Users/Thaddeus/.rvm/gems/ruby-2.0.0-p247/gems/actionpack-3.2.12/lib/action_dispatch/middleware/templates/rescues/_trace.erb (1.3ms)
  Rendered /Users/Thaddeus/.rvm/gems/ruby-2.0.0-p247/gems/actionpack-3.2.12/lib/action_dispatch/middleware/templates/rescues/_request_and_response.erb (0.9ms)
  Rendered /Users/Thaddeus/.rvm/gems/ruby-2.0.0-p247/gems/actionpack-3.2.12/lib/action_dispatch/middleware/templates/rescues/template_error.erb within rescues/layout (8.2ms)


Started GET "/posts/7" for 127.0.0.1 at 2013-11-04 16:07:55 -0600
Processing by PostsController#show as HTML
  Parameters: {"id"=>"7"}
  [1m[36mPost Load (0.2ms)[0m  [1mSELECT "posts".* FROM "posts" WHERE "posts"."id" = ? LIMIT 1[0m  [["id", "7"]]
  [1m[35mComment Load (0.1ms)[0m  SELECT "comments".* FROM "comments" WHERE "comments"."post_id" = 7
  Rendered collection (0.0ms)
  [1m[36mCACHE (0.0ms)[0m  [1mSELECT "comments".* FROM "comments" WHERE "comments"."post_id" = 7[0m
  Rendered comments/_form.html.erb (28.0ms)
  Rendered posts/show.html.erb within layouts/application (33.0ms)
Completed 500 Internal Server Error in 43ms

ActionView::Template::Error (undefined method `errors' for []:ActiveRecord::Relation):
    1: <%= form_for([@post, @post.comments.build]) do |f| %>
    2:   <% if @post.comments.errors.any? %>
    3:     <div id="error_explanation">
    4:       <h2><%= pluralize(@post.comments.errors.count, "error") %> prohibited this comment from being saved:</h2>
    5: 
  app/views/comments/_form.html.erb:2:in `block in _app_views_comments__form_html_erb__3467226128453909466_70131825313480'
  app/views/comments/_form.html.erb:1:in `_app_views_comments__form_html_erb__3467226128453909466_70131825313480'
  app/views/posts/show.html.erb:18:in `_app_views_posts_show_html_erb___3199302470751755531_70131832230420'
  app/controllers/posts_controller.rb:18:in `show'


  Rendered /Users/Thaddeus/.rvm/gems/ruby-2.0.0-p247/gems/actionpack-3.2.12/lib/action_dispatch/middleware/templates/rescues/_trace.erb (1.2ms)
  Rendered /Users/Thaddeus/.rvm/gems/ruby-2.0.0-p247/gems/actionpack-3.2.12/lib/action_dispatch/middleware/templates/rescues/_request_and_response.erb (0.9ms)
  Rendered /Users/Thaddeus/.rvm/gems/ruby-2.0.0-p247/gems/actionpack-3.2.12/lib/action_dispatch/middleware/templates/rescues/template_error.erb within rescues/layout (7.6ms)


Started POST "/posts" for 127.0.0.1 at 2013-11-04 16:09:06 -0600
Processing by PostsController#create as HTML
  Parameters: {"utf8"=>"âœ“", "authenticity_token"=>"SZqY24ltrOjrnM3J1vRcrLSmNIzvTrMr7YQSkozw6vw=", "post"=>{"name"=>"blah", "content"=>"blah"}, "commit"=>"Create Post"}
  [1m[35m (0.1ms)[0m  begin transaction
  [1m[36mSQL (0.5ms)[0m  [1mINSERT INTO "posts" ("content", "created_at", "name", "updated_at") VALUES (?, ?, ?, ?)[0m  [["content", "blah"], ["created_at", Mon, 04 Nov 2013 22:09:06 UTC +00:00], ["name", "blah"], ["updated_at", Mon, 04 Nov 2013 22:09:06 UTC +00:00]]
  [1m[35m (108.5ms)[0m  commit transaction
Redirected to http://localhost:3000/posts/8
Completed 302 Found in 115ms (ActiveRecord: 109.1ms)


Started GET "/posts/8" for 127.0.0.1 at 2013-11-04 16:09:06 -0600
Processing by PostsController#show as HTML
  Parameters: {"id"=>"8"}
  [1m[36mPost Load (0.1ms)[0m  [1mSELECT "posts".* FROM "posts" WHERE "posts"."id" = ? LIMIT 1[0m  [["id", "8"]]
  [1m[35mComment Load (0.2ms)[0m  SELECT "comments".* FROM "comments" WHERE "comments"."post_id" = 8
  Rendered collection (0.0ms)
  [1m[36mCACHE (0.0ms)[0m  [1mSELECT "comments".* FROM "comments" WHERE "comments"."post_id" = 8[0m
  Rendered comments/_form.html.erb (2.4ms)
  Rendered posts/show.html.erb within layouts/application (4.3ms)
Completed 500 Internal Server Error in 7ms

ActionView::Template::Error (undefined method `errors' for []:ActiveRecord::Relation):
    1: <%= form_for([@post, @post.comments.build]) do |f| %>
    2:   <% if @post.comments.errors.any? %>
    3:     <div id="error_explanation">
    4:       <h2><%= pluralize(@post.comments.errors.count, "error") %> prohibited this comment from being saved:</h2>
    5: 
  app/views/comments/_form.html.erb:2:in `block in _app_views_comments__form_html_erb__3467226128453909466_70131825313480'
  app/views/comments/_form.html.erb:1:in `_app_views_comments__form_html_erb__3467226128453909466_70131825313480'
  app/views/posts/show.html.erb:18:in `_app_views_posts_show_html_erb___3199302470751755531_70131832230420'
  app/controllers/posts_controller.rb:18:in `show'


  Rendered /Users/Thaddeus/.rvm/gems/ruby-2.0.0-p247/gems/actionpack-3.2.12/lib/action_dispatch/middleware/templates/rescues/_trace.erb (1.4ms)
  Rendered /Users/Thaddeus/.rvm/gems/ruby-2.0.0-p247/gems/actionpack-3.2.12/lib/action_dispatch/middleware/templates/rescues/_request_and_response.erb (0.9ms)
  Rendered /Users/Thaddeus/.rvm/gems/ruby-2.0.0-p247/gems/actionpack-3.2.12/lib/action_dispatch/middleware/templates/rescues/template_error.erb within rescues/layout (8.1ms)


Started GET "/posts/8" for 127.0.0.1 at 2013-11-04 16:11:11 -0600
Processing by PostsController#show as HTML
  Parameters: {"id"=>"8"}
  [1m[35mPost Load (0.2ms)[0m  SELECT "posts".* FROM "posts" WHERE "posts"."id" = ? LIMIT 1  [["id", "8"]]
  [1m[36mComment Load (0.1ms)[0m  [1mSELECT "comments".* FROM "comments" WHERE "comments"."post_id" = 8[0m
  Rendered collection (0.0ms)
  [1m[35mPost Load (0.1ms)[0m  SELECT "posts".* FROM "posts" WHERE "posts"."id" = 8 LIMIT 1
  Rendered comments/_form.html.erb (4.9ms)
  Rendered posts/show.html.erb within layouts/application (7.1ms)
Completed 200 OK in 35ms (Views: 12.0ms | ActiveRecord: 0.4ms)


Started GET "/assets/comments.css?body=1" for 127.0.0.1 at 2013-11-04 16:11:11 -0600
Served asset /comments.css - 304 Not Modified (0ms)


Started GET "/assets/jquery.js?body=1" for 127.0.0.1 at 2013-11-04 16:11:11 -0600
Served asset /jquery.js - 304 Not Modified (0ms)


Started GET "/assets/scaffolds.css?body=1" for 127.0.0.1 at 2013-11-04 16:11:11 -0600
Served asset /scaffolds.css - 304 Not Modified (0ms)


Started GET "/assets/comments.js?body=1" for 127.0.0.1 at 2013-11-04 16:11:11 -0600
Served asset /comments.js - 304 Not Modified (0ms)


Started POST "/posts/8/comments" for 127.0.0.1 at 2013-11-04 16:11:17 -0600
Processing by CommentsController#create as HTML
  Parameters: {"utf8"=>"âœ“", "authenticity_token"=>"SZqY24ltrOjrnM3J1vRcrLSmNIzvTrMr7YQSkozw6vw=", "comment"=>{"commenter"=>"asdf", "body"=>"asdf", "post"=>"#<Post:0x007f91adf68bc8>"}, "commit"=>"Create Comment", "post_id"=>"8"}
Completed 500 Internal Server Error in 1ms

ActiveRecord::AssociationTypeMismatch (Post(#70131831222660) expected, got String(#70131816795180)):
  app/controllers/comments_controller.rb:43:in `new'
  app/controllers/comments_controller.rb:43:in `create'


  Rendered /Users/Thaddeus/.rvm/gems/ruby-2.0.0-p247/gems/actionpack-3.2.12/lib/action_dispatch/middleware/templates/rescues/_trace.erb (1.6ms)
  Rendered /Users/Thaddeus/.rvm/gems/ruby-2.0.0-p247/gems/actionpack-3.2.12/lib/action_dispatch/middleware/templates/rescues/_request_and_response.erb (1.6ms)
  Rendered /Users/Thaddeus/.rvm/gems/ruby-2.0.0-p247/gems/actionpack-3.2.12/lib/action_dispatch/middleware/templates/rescues/diagnostics.erb within rescues/layout (11.2ms)


Started POST "/posts/8/comments" for 127.0.0.1 at 2013-11-04 16:12:13 -0600
Processing by CommentsController#create as HTML
  Parameters: {"utf8"=>"âœ“", "authenticity_token"=>"SZqY24ltrOjrnM3J1vRcrLSmNIzvTrMr7YQSkozw6vw=", "comment"=>{"commenter"=>"asdf", "body"=>"asdf", "post"=>"#<Post:0x007f91adf68bc8>"}, "commit"=>"Create Comment", "post_id"=>"8"}
  [1m[36m (0.1ms)[0m  [1mbegin transaction[0m
  [1m[35mSQL (0.5ms)[0m  INSERT INTO "comments" ("body", "commenter", "created_at", "post_id", "updated_at") VALUES (?, ?, ?, ?, ?)  [["body", nil], ["commenter", nil], ["created_at", Mon, 04 Nov 2013 22:12:13 UTC +00:00], ["post_id", nil], ["updated_at", Mon, 04 Nov 2013 22:12:13 UTC +00:00]]
  [1m[36m (2.8ms)[0m  [1mcommit transaction[0m
Redirected to http://localhost:3000/comments/1
Completed 302 Found in 15ms (ActiveRecord: 4.2ms)


Started GET "/comments/1" for 127.0.0.1 at 2013-11-04 16:12:13 -0600
Processing by CommentsController#show as HTML
  Parameters: {"id"=>"1"}
  [1m[35mComment Load (0.2ms)[0m  SELECT "comments".* FROM "comments" WHERE "comments"."id" = ? LIMIT 1  [["id", "1"]]
  Rendered comments/show.html.erb within layouts/application (1.3ms)
Completed 200 OK in 9ms (Views: 7.0ms | ActiveRecord: 0.2ms)


Started GET "/assets/comments.css?body=1" for 127.0.0.1 at 2013-11-04 16:12:13 -0600
Served asset /comments.css - 304 Not Modified (0ms)


Started GET "/assets/jquery.js?body=1" for 127.0.0.1 at 2013-11-04 16:12:13 -0600
Served asset /jquery.js - 304 Not Modified (0ms)


Started GET "/assets/scaffolds.css?body=1" for 127.0.0.1 at 2013-11-04 16:12:13 -0600
Served asset /scaffolds.css - 304 Not Modified (0ms)


Started GET "/assets/comments.js?body=1" for 127.0.0.1 at 2013-11-04 16:12:13 -0600
Served asset /comments.js - 304 Not Modified (0ms)


Started POST "/posts/8/comments" for 127.0.0.1 at 2013-11-04 16:12:21 -0600
Processing by CommentsController#create as HTML
  Parameters: {"utf8"=>"âœ“", "authenticity_token"=>"SZqY24ltrOjrnM3J1vRcrLSmNIzvTrMr7YQSkozw6vw=", "comment"=>{"commenter"=>"asdfsadf", "body"=>"asdfasdf", "post"=>"#<Post:0x007f91adf68bc8>"}, "commit"=>"Create Comment", "post_id"=>"8"}
  [1m[36m (0.1ms)[0m  [1mbegin transaction[0m
  [1m[35mSQL (0.4ms)[0m  INSERT INTO "comments" ("body", "commenter", "created_at", "post_id", "updated_at") VALUES (?, ?, ?, ?, ?)  [["body", nil], ["commenter", nil], ["created_at", Mon, 04 Nov 2013 22:12:21 UTC +00:00], ["post_id", nil], ["updated_at", Mon, 04 Nov 2013 22:12:21 UTC +00:00]]
  [1m[36m (43.5ms)[0m  [1mcommit transaction[0m
Redirected to http://localhost:3000/comments/2
Completed 302 Found in 48ms (ActiveRecord: 44.0ms)


Started GET "/comments/2" for 127.0.0.1 at 2013-11-04 16:12:21 -0600
Processing by CommentsController#show as HTML
  Parameters: {"id"=>"2"}
  [1m[35mComment Load (0.1ms)[0m  SELECT "comments".* FROM "comments" WHERE "comments"."id" = ? LIMIT 1  [["id", "2"]]
  Rendered comments/show.html.erb within layouts/application (0.7ms)
Completed 200 OK in 8ms (Views: 6.3ms | ActiveRecord: 0.1ms)


Started GET "/assets/comments.css?body=1" for 127.0.0.1 at 2013-11-04 16:12:21 -0600
Served asset /comments.css - 304 Not Modified (3ms)


Started GET "/assets/jquery.js?body=1" for 127.0.0.1 at 2013-11-04 16:12:21 -0600
Served asset /jquery.js - 304 Not Modified (0ms)


Started GET "/assets/comments.js?body=1" for 127.0.0.1 at 2013-11-04 16:12:21 -0600
Served asset /comments.js - 304 Not Modified (0ms)


Started GET "/assets/scaffolds.css?body=1" for 127.0.0.1 at 2013-11-04 16:12:21 -0600
Served asset /scaffolds.css - 304 Not Modified (0ms)


Started GET "/posts/8/edit" for 127.0.0.1 at 2013-11-04 16:12:28 -0600
Processing by PostsController#edit as HTML
  Parameters: {"id"=>"8"}
  [1m[36mPost Load (0.1ms)[0m  [1mSELECT "posts".* FROM "posts" WHERE "posts"."id" = ? LIMIT 1[0m  [["id", "8"]]
  Rendered posts/_form.html.erb (2.6ms)
  Rendered posts/edit.html.erb within layouts/application (3.9ms)
Completed 200 OK in 17ms (Views: 10.2ms | ActiveRecord: 0.4ms)


Started GET "/assets/comments.css?body=1" for 127.0.0.1 at 2013-11-04 16:12:28 -0600
Served asset /comments.css - 304 Not Modified (0ms)


Started GET "/assets/comments.js?body=1" for 127.0.0.1 at 2013-11-04 16:12:28 -0600
Served asset /comments.js - 304 Not Modified (0ms)


Started GET "/assets/scaffolds.css?body=1" for 127.0.0.1 at 2013-11-04 16:12:28 -0600
Served asset /scaffolds.css - 304 Not Modified (0ms)


Started GET "/assets/jquery.js?body=1" for 127.0.0.1 at 2013-11-04 16:12:28 -0600
Served asset /jquery.js - 304 Not Modified (0ms)


Started GET "/posts" for 127.0.0.1 at 2013-11-04 16:12:30 -0600
Processing by PostsController#index as HTML
  [1m[35mPost Load (0.2ms)[0m  SELECT "posts".* FROM "posts" 
  Rendered posts/index.html.erb within layouts/application (6.3ms)
Completed 200 OK in 13ms (Views: 11.8ms | ActiveRecord: 0.2ms)


Started GET "/assets/comments.css?body=1" for 127.0.0.1 at 2013-11-04 16:12:30 -0600
Served asset /comments.css - 304 Not Modified (2ms)


Started GET "/assets/comments.js?body=1" for 127.0.0.1 at 2013-11-04 16:12:30 -0600
Served asset /comments.js - 304 Not Modified (3ms)


Started GET "/assets/jquery.js?body=1" for 127.0.0.1 at 2013-11-04 16:12:30 -0600
Served asset /jquery.js - 304 Not Modified (0ms)


Started GET "/assets/scaffolds.css?body=1" for 127.0.0.1 at 2013-11-04 16:12:30 -0600
Served asset /scaffolds.css - 304 Not Modified (0ms)


Started GET "/posts/8" for 127.0.0.1 at 2013-11-04 16:12:33 -0600
Processing by PostsController#show as HTML
  Parameters: {"id"=>"8"}
  [1m[36mPost Load (0.1ms)[0m  [1mSELECT "posts".* FROM "posts" WHERE "posts"."id" = ? LIMIT 1[0m  [["id", "8"]]
  [1m[35mComment Load (0.1ms)[0m  SELECT "comments".* FROM "comments" WHERE "comments"."post_id" = 8
  Rendered collection (0.0ms)
  [1m[36mPost Load (0.1ms)[0m  [1mSELECT "posts".* FROM "posts" WHERE "posts"."id" = 8 LIMIT 1[0m
  Rendered comments/_form.html.erb (4.2ms)
  Rendered posts/show.html.erb within layouts/application (6.8ms)
Completed 200 OK in 35ms (Views: 32.8ms | ActiveRecord: 0.4ms)


Started GET "/assets/comments.css?body=1" for 127.0.0.1 at 2013-11-04 16:12:33 -0600
Served asset /comments.css - 304 Not Modified (3ms)


Started GET "/assets/comments.js?body=1" for 127.0.0.1 at 2013-11-04 16:12:33 -0600
Served asset /comments.js - 304 Not Modified (0ms)


Started GET "/assets/scaffolds.css?body=1" for 127.0.0.1 at 2013-11-04 16:12:33 -0600
Served asset /scaffolds.css - 304 Not Modified (0ms)


Started GET "/assets/jquery.js?body=1" for 127.0.0.1 at 2013-11-04 16:12:33 -0600
Served asset /jquery.js - 304 Not Modified (0ms)


Started POST "/posts/8/comments" for 127.0.0.1 at 2013-11-04 16:12:40 -0600
Processing by CommentsController#create as HTML
  Parameters: {"utf8"=>"âœ“", "authenticity_token"=>"SZqY24ltrOjrnM3J1vRcrLSmNIzvTrMr7YQSkozw6vw=", "comment"=>{"commenter"=>"asdfasdf", "body"=>"asdfsdf", "post"=>"#<Post:0x007f91adf5ad98>"}, "commit"=>"Create Comment", "post_id"=>"8"}
  [1m[35m (0.1ms)[0m  begin transaction
  [1m[36mSQL (0.4ms)[0m  [1mINSERT INTO "comments" ("body", "commenter", "created_at", "post_id", "updated_at") VALUES (?, ?, ?, ?, ?)[0m  [["body", nil], ["commenter", nil], ["created_at", Mon, 04 Nov 2013 22:12:40 UTC +00:00], ["post_id", nil], ["updated_at", Mon, 04 Nov 2013 22:12:40 UTC +00:00]]
  [1m[35m (44.9ms)[0m  commit transaction
Redirected to http://localhost:3000/comments/3
Completed 302 Found in 48ms (ActiveRecord: 45.3ms)


Started GET "/comments/3" for 127.0.0.1 at 2013-11-04 16:12:40 -0600
Processing by CommentsController#show as HTML
  Parameters: {"id"=>"3"}
  [1m[36mComment Load (0.1ms)[0m  [1mSELECT "comments".* FROM "comments" WHERE "comments"."id" = ? LIMIT 1[0m  [["id", "3"]]
  Rendered comments/show.html.erb within layouts/application (0.5ms)
Completed 200 OK in 6ms (Views: 5.1ms | ActiveRecord: 0.1ms)


Started GET "/assets/scaffolds.css?body=1" for 127.0.0.1 at 2013-11-04 16:12:40 -0600
Served asset /scaffolds.css - 304 Not Modified (0ms)


Started GET "/assets/comments.css?body=1" for 127.0.0.1 at 2013-11-04 16:12:40 -0600
Served asset /comments.css - 304 Not Modified (0ms)


Started GET "/assets/comments.js?body=1" for 127.0.0.1 at 2013-11-04 16:12:40 -0600
Served asset /comments.js - 304 Not Modified (0ms)


Started GET "/assets/jquery.js?body=1" for 127.0.0.1 at 2013-11-04 16:12:40 -0600
Served asset /jquery.js - 304 Not Modified (0ms)


Started GET "/comments/3/edit" for 127.0.0.1 at 2013-11-04 16:12:46 -0600
Processing by CommentsController#edit as HTML
  Parameters: {"id"=>"3"}
  [1m[35mComment Load (0.1ms)[0m  SELECT "comments".* FROM "comments" WHERE "comments"."id" = ? LIMIT 1  [["id", "3"]]
  Rendered comments/_form.html.erb (1.0ms)
  Rendered comments/edit.html.erb within layouts/application (2.4ms)
Completed 500 Internal Server Error in 5ms

ActionView::Template::Error (undefined method `comments' for nil:NilClass):
    1: <%= form_for([@post, @post.comments.build]) do |f| %>
    2: 
    3:   <div class="field">
    4:     <%= f.label :commenter %><br />
  app/views/comments/_form.html.erb:1:in `_app_views_comments__form_html_erb__3467226128453909466_70131825311080'
  app/views/comments/edit.html.erb:3:in `_app_views_comments_edit_html_erb___4202717364797947313_70131830861120'


  Rendered /Users/Thaddeus/.rvm/gems/ruby-2.0.0-p247/gems/actionpack-3.2.12/lib/action_dispatch/middleware/templates/rescues/_trace.erb (1.1ms)
  Rendered /Users/Thaddeus/.rvm/gems/ruby-2.0.0-p247/gems/actionpack-3.2.12/lib/action_dispatch/middleware/templates/rescues/_request_and_response.erb (0.9ms)
  Rendered /Users/Thaddeus/.rvm/gems/ruby-2.0.0-p247/gems/actionpack-3.2.12/lib/action_dispatch/middleware/templates/rescues/template_error.erb within rescues/layout (7.2ms)


Started GET "/" for 127.0.0.1 at 2013-11-04 16:12:56 -0600
Processing by PostsController#index as HTML
  [1m[36mPost Load (0.2ms)[0m  [1mSELECT "posts".* FROM "posts" [0m
  Rendered posts/index.html.erb within layouts/application (5.5ms)
Completed 200 OK in 13ms (Views: 11.8ms | ActiveRecord: 0.2ms)


Started GET "/assets/comments.css?body=1" for 127.0.0.1 at 2013-11-04 16:12:56 -0600
Served asset /comments.css - 304 Not Modified (0ms)


Started GET "/assets/scaffolds.css?body=1" for 127.0.0.1 at 2013-11-04 16:12:56 -0600
Served asset /scaffolds.css - 304 Not Modified (0ms)


Started GET "/assets/jquery.js?body=1" for 127.0.0.1 at 2013-11-04 16:12:56 -0600
Served asset /jquery.js - 304 Not Modified (0ms)


Started GET "/assets/comments.js?body=1" for 127.0.0.1 at 2013-11-04 16:12:56 -0600
Served asset /comments.js - 304 Not Modified (0ms)


Started DELETE "/posts/8" for 127.0.0.1 at 2013-11-04 16:13:00 -0600
Processing by PostsController#destroy as HTML
  Parameters: {"authenticity_token"=>"SZqY24ltrOjrnM3J1vRcrLSmNIzvTrMr7YQSkozw6vw=", "id"=>"8"}
  [1m[35mPost Load (0.1ms)[0m  SELECT "posts".* FROM "posts" WHERE "posts"."id" = ? LIMIT 1  [["id", "8"]]
  [1m[36m (0.0ms)[0m  [1mbegin transaction[0m
  [1m[35mSQL (0.3ms)[0m  DELETE FROM "posts" WHERE "posts"."id" = ?  [["id", 8]]
  [1m[36m (55.2ms)[0m  [1mcommit transaction[0m
Redirected to http://localhost:3000/posts
Completed 302 Found in 59ms (ActiveRecord: 55.6ms)


Started GET "/posts" for 127.0.0.1 at 2013-11-04 16:13:00 -0600
Processing by PostsController#index as HTML
  [1m[35mPost Load (0.2ms)[0m  SELECT "posts".* FROM "posts" 
  Rendered posts/index.html.erb within layouts/application (5.9ms)
Completed 200 OK in 13ms (Views: 11.9ms | ActiveRecord: 0.2ms)


Started GET "/assets/comments.css?body=1" for 127.0.0.1 at 2013-11-04 16:13:00 -0600
Served asset /comments.css - 304 Not Modified (0ms)


Started GET "/assets/scaffolds.css?body=1" for 127.0.0.1 at 2013-11-04 16:13:00 -0600
Served asset /scaffolds.css - 304 Not Modified (0ms)


Started GET "/assets/jquery.js?body=1" for 127.0.0.1 at 2013-11-04 16:13:00 -0600
Served asset /jquery.js - 304 Not Modified (0ms)


Started GET "/assets/comments.js?body=1" for 127.0.0.1 at 2013-11-04 16:13:00 -0600
Served asset /comments.js - 304 Not Modified (0ms)


Started DELETE "/posts/7" for 127.0.0.1 at 2013-11-04 16:13:02 -0600
Processing by PostsController#destroy as HTML
  Parameters: {"authenticity_token"=>"SZqY24ltrOjrnM3J1vRcrLSmNIzvTrMr7YQSkozw6vw=", "id"=>"7"}
  [1m[36mPost Load (0.1ms)[0m  [1mSELECT "posts".* FROM "posts" WHERE "posts"."id" = ? LIMIT 1[0m  [["id", "7"]]
  [1m[35m (0.0ms)[0m  begin transaction
  [1m[36mSQL (0.2ms)[0m  [1mDELETE FROM "posts" WHERE "posts"."id" = ?[0m  [["id", 7]]
  [1m[35m (12.0ms)[0m  commit transaction
Redirected to http://localhost:3000/posts
Completed 302 Found in 14ms (ActiveRecord: 12.4ms)


Started GET "/posts" for 127.0.0.1 at 2013-11-04 16:13:02 -0600
Processing by PostsController#index as HTML
  [1m[36mPost Load (0.2ms)[0m  [1mSELECT "posts".* FROM "posts" [0m
  Rendered posts/index.html.erb within layouts/application (6.3ms)
Completed 200 OK in 14ms (Views: 12.9ms | ActiveRecord: 0.2ms)


Started GET "/assets/scaffolds.css?body=1" for 127.0.0.1 at 2013-11-04 16:13:03 -0600
Served asset /scaffolds.css - 304 Not Modified (0ms)


Started GET "/assets/comments.css?body=1" for 127.0.0.1 at 2013-11-04 16:13:03 -0600
Served asset /comments.css - 304 Not Modified (0ms)


Started GET "/assets/comments.js?body=1" for 127.0.0.1 at 2013-11-04 16:13:03 -0600
Served asset /comments.js - 304 Not Modified (0ms)


Started GET "/assets/jquery.js?body=1" for 127.0.0.1 at 2013-11-04 16:13:03 -0600
Served asset /jquery.js - 304 Not Modified (0ms)


Started DELETE "/posts/6" for 127.0.0.1 at 2013-11-04 16:13:05 -0600
Processing by PostsController#destroy as HTML
  Parameters: {"authenticity_token"=>"SZqY24ltrOjrnM3J1vRcrLSmNIzvTrMr7YQSkozw6vw=", "id"=>"6"}
  [1m[35mPost Load (0.2ms)[0m  SELECT "posts".* FROM "posts" WHERE "posts"."id" = ? LIMIT 1  [["id", "6"]]
  [1m[36m (0.0ms)[0m  [1mbegin transaction[0m
  [1m[35mSQL (0.2ms)[0m  DELETE FROM "posts" WHERE "posts"."id" = ?  [["id", 6]]
  [1m[36m (53.5ms)[0m  [1mcommit transaction[0m
Redirected to http://localhost:3000/posts
Completed 302 Found in 57ms (ActiveRecord: 53.9ms)


Started GET "/posts" for 127.0.0.1 at 2013-11-04 16:13:05 -0600
Processing by PostsController#index as HTML
  [1m[35mPost Load (0.2ms)[0m  SELECT "posts".* FROM "posts" 
  Rendered posts/index.html.erb within layouts/application (3.3ms)
Completed 200 OK in 11ms (Views: 9.6ms | ActiveRecord: 0.2ms)


Started GET "/assets/comments.css?body=1" for 127.0.0.1 at 2013-11-04 16:13:05 -0600
Served asset /comments.css - 304 Not Modified (2ms)


Started GET "/assets/scaffolds.css?body=1" for 127.0.0.1 at 2013-11-04 16:13:05 -0600
Served asset /scaffolds.css - 304 Not Modified (0ms)


Started GET "/assets/jquery.js?body=1" for 127.0.0.1 at 2013-11-04 16:13:05 -0600
Served asset /jquery.js - 304 Not Modified (0ms)


Started GET "/assets/comments.js?body=1" for 127.0.0.1 at 2013-11-04 16:13:05 -0600
Served asset /comments.js - 304 Not Modified (0ms)


Started DELETE "/posts/1" for 127.0.0.1 at 2013-11-04 16:13:08 -0600
Processing by PostsController#destroy as HTML
  Parameters: {"authenticity_token"=>"SZqY24ltrOjrnM3J1vRcrLSmNIzvTrMr7YQSkozw6vw=", "id"=>"1"}
  [1m[36mPost Load (0.1ms)[0m  [1mSELECT "posts".* FROM "posts" WHERE "posts"."id" = ? LIMIT 1[0m  [["id", "1"]]
  [1m[35m (0.0ms)[0m  begin transaction
  [1m[36mSQL (0.5ms)[0m  [1mDELETE FROM "posts" WHERE "posts"."id" = ?[0m  [["id", 1]]
  [1m[35m (5.2ms)[0m  commit transaction
Redirected to http://localhost:3000/posts
Completed 302 Found in 7ms (ActiveRecord: 5.9ms)


Started GET "/posts" for 127.0.0.1 at 2013-11-04 16:13:08 -0600
Processing by PostsController#index as HTML
  [1m[36mPost Load (0.3ms)[0m  [1mSELECT "posts".* FROM "posts" [0m
  Rendered posts/index.html.erb within layouts/application (4.0ms)
Completed 200 OK in 11ms (Views: 10.1ms | ActiveRecord: 0.3ms)


Started GET "/assets/comments.css?body=1" for 127.0.0.1 at 2013-11-04 16:13:08 -0600
Served asset /comments.css - 304 Not Modified (4ms)


Started GET "/assets/scaffolds.css?body=1" for 127.0.0.1 at 2013-11-04 16:13:08 -0600
Served asset /scaffolds.css - 304 Not Modified (0ms)


Started GET "/assets/jquery.js?body=1" for 127.0.0.1 at 2013-11-04 16:13:08 -0600
Served asset /jquery.js - 304 Not Modified (0ms)


Started GET "/assets/comments.js?body=1" for 127.0.0.1 at 2013-11-04 16:13:08 -0600
Served asset /comments.js - 304 Not Modified (0ms)


Started GET "/posts/new" for 127.0.0.1 at 2013-11-04 16:13:10 -0600
Processing by PostsController#new as HTML
  Rendered posts/_form.html.erb (2.4ms)
  Rendered posts/new.html.erb within layouts/application (3.4ms)
Completed 200 OK in 9ms (Views: 8.7ms | ActiveRecord: 0.0ms)


Started GET "/assets/comments.css?body=1" for 127.0.0.1 at 2013-11-04 16:13:10 -0600
Served asset /comments.css - 304 Not Modified (0ms)


Started GET "/assets/scaffolds.css?body=1" for 127.0.0.1 at 2013-11-04 16:13:10 -0600
Served asset /scaffolds.css - 304 Not Modified (0ms)


Started GET "/assets/comments.js?body=1" for 127.0.0.1 at 2013-11-04 16:13:10 -0600
Served asset /comments.js - 304 Not Modified (0ms)


Started GET "/assets/jquery.js?body=1" for 127.0.0.1 at 2013-11-04 16:13:10 -0600
Served asset /jquery.js - 304 Not Modified (0ms)


Started POST "/posts" for 127.0.0.1 at 2013-11-04 16:13:14 -0600
Processing by PostsController#create as HTML
  Parameters: {"utf8"=>"âœ“", "authenticity_token"=>"SZqY24ltrOjrnM3J1vRcrLSmNIzvTrMr7YQSkozw6vw=", "post"=>{"name"=>"asdfasdfasdf", "content"=>"asdfasdfsadf"}, "commit"=>"Create Post"}
  [1m[35m (0.1ms)[0m  begin transaction
  [1m[36mSQL (0.4ms)[0m  [1mINSERT INTO "posts" ("content", "created_at", "name", "updated_at") VALUES (?, ?, ?, ?)[0m  [["content", "asdfasdfsadf"], ["created_at", Mon, 04 Nov 2013 22:13:14 UTC +00:00], ["name", "asdfasdfasdf"], ["updated_at", Mon, 04 Nov 2013 22:13:14 UTC +00:00]]
  [1m[35m (41.5ms)[0m  commit transaction
Redirected to http://localhost:3000/posts/9
Completed 302 Found in 46ms (ActiveRecord: 42.0ms)


Started GET "/posts/9" for 127.0.0.1 at 2013-11-04 16:13:14 -0600
Processing by PostsController#show as HTML
  Parameters: {"id"=>"9"}
  [1m[36mPost Load (0.1ms)[0m  [1mSELECT "posts".* FROM "posts" WHERE "posts"."id" = ? LIMIT 1[0m  [["id", "9"]]
  [1m[35mComment Load (0.1ms)[0m  SELECT "comments".* FROM "comments" WHERE "comments"."post_id" = 9
  Rendered collection (0.0ms)
  [1m[36mPost Load (0.2ms)[0m  [1mSELECT "posts".* FROM "posts" WHERE "posts"."id" = 9 LIMIT 1[0m
  Rendered comments/_form.html.erb (23.8ms)
  Rendered posts/show.html.erb within layouts/application (25.7ms)
Completed 200 OK in 31ms (Views: 30.2ms | ActiveRecord: 0.4ms)


Started GET "/assets/comments.css?body=1" for 127.0.0.1 at 2013-11-04 16:13:14 -0600
Served asset /comments.css - 304 Not Modified (4ms)


Started GET "/assets/scaffolds.css?body=1" for 127.0.0.1 at 2013-11-04 16:13:14 -0600
Served asset /scaffolds.css - 304 Not Modified (0ms)


Started GET "/assets/jquery.js?body=1" for 127.0.0.1 at 2013-11-04 16:13:14 -0600
Served asset /jquery.js - 304 Not Modified (0ms)


Started GET "/assets/comments.js?body=1" for 127.0.0.1 at 2013-11-04 16:13:14 -0600
Served asset /comments.js - 304 Not Modified (0ms)


Started GET "/posts/9/edit" for 127.0.0.1 at 2013-11-04 16:13:16 -0600
Processing by PostsController#edit as HTML
  Parameters: {"id"=>"9"}
  [1m[35mPost Load (0.1ms)[0m  SELECT "posts".* FROM "posts" WHERE "posts"."id" = ? LIMIT 1  [["id", "9"]]
  Rendered posts/_form.html.erb (1.8ms)
  Rendered posts/edit.html.erb within layouts/application (2.8ms)
Completed 200 OK in 8ms (Views: 7.4ms | ActiveRecord: 0.1ms)


Started GET "/assets/comments.css?body=1" for 127.0.0.1 at 2013-11-04 16:13:16 -0600
Served asset /comments.css - 304 Not Modified (0ms)


Started GET "/assets/scaffolds.css?body=1" for 127.0.0.1 at 2013-11-04 16:13:16 -0600
Served asset /scaffolds.css - 304 Not Modified (0ms)


Started GET "/assets/jquery.js?body=1" for 127.0.0.1 at 2013-11-04 16:13:16 -0600
Served asset /jquery.js - 304 Not Modified (0ms)


Started GET "/assets/comments.js?body=1" for 127.0.0.1 at 2013-11-04 16:13:16 -0600
Served asset /comments.js - 304 Not Modified (0ms)


Started PUT "/posts/9" for 127.0.0.1 at 2013-11-04 16:13:21 -0600
Processing by PostsController#update as HTML
  Parameters: {"utf8"=>"âœ“", "authenticity_token"=>"SZqY24ltrOjrnM3J1vRcrLSmNIzvTrMr7YQSkozw6vw=", "post"=>{"name"=>"asdfasdfasdf", "content"=>"asdfasdfsadf"}, "commit"=>"Update Post", "id"=>"9"}
  [1m[36mPost Load (0.1ms)[0m  [1mSELECT "posts".* FROM "posts" WHERE "posts"."id" = ? LIMIT 1[0m  [["id", "9"]]
  [1m[35m (0.0ms)[0m  begin transaction
  [1m[36m (0.0ms)[0m  [1mcommit transaction[0m
Redirected to http://localhost:3000/posts/9
Completed 302 Found in 4ms (ActiveRecord: 0.2ms)


Started GET "/posts/9" for 127.0.0.1 at 2013-11-04 16:13:21 -0600
Processing by PostsController#show as HTML
  Parameters: {"id"=>"9"}
  [1m[35mPost Load (0.2ms)[0m  SELECT "posts".* FROM "posts" WHERE "posts"."id" = ? LIMIT 1  [["id", "9"]]
  [1m[36mComment Load (0.1ms)[0m  [1mSELECT "comments".* FROM "comments" WHERE "comments"."post_id" = 9[0m
  Rendered collection (0.0ms)
  [1m[35mPost Load (0.2ms)[0m  SELECT "posts".* FROM "posts" WHERE "posts"."id" = 9 LIMIT 1
  Rendered comments/_form.html.erb (4.6ms)
  Rendered posts/show.html.erb within layouts/application (6.9ms)
Completed 200 OK in 15ms (Views: 12.9ms | ActiveRecord: 0.5ms)


Started GET "/assets/comments.css?body=1" for 127.0.0.1 at 2013-11-04 16:13:21 -0600
Served asset /comments.css - 304 Not Modified (0ms)


Started GET "/assets/jquery.js?body=1" for 127.0.0.1 at 2013-11-04 16:13:21 -0600
Served asset /jquery.js - 304 Not Modified (0ms)


Started GET "/assets/comments.js?body=1" for 127.0.0.1 at 2013-11-04 16:13:21 -0600
Served asset /comments.js - 304 Not Modified (0ms)


Started GET "/assets/scaffolds.css?body=1" for 127.0.0.1 at 2013-11-04 16:13:21 -0600
Served asset /scaffolds.css - 304 Not Modified (0ms)


Started POST "/posts/9/comments" for 127.0.0.1 at 2013-11-04 16:15:32 -0600

SyntaxError (/Users/Thaddeus/Documents/github/onehitmusic/onehitmusic/app/controllers/comments_controller.rb:45: syntax error, unexpected tIDENTIFIER, expecting ')'
    respond_to do |format|
              ^):
  activesupport (3.2.12) lib/active_support/dependencies.rb:469:in `load'
  activesupport (3.2.12) lib/active_support/dependencies.rb:469:in `block in load_file'
  activesupport (3.2.12) lib/active_support/dependencies.rb:639:in `new_constants_in'
  activesupport (3.2.12) lib/active_support/dependencies.rb:468:in `load_file'
  activesupport (3.2.12) lib/active_support/dependencies.rb:353:in `require_or_load'
  activesupport (3.2.12) lib/active_support/dependencies.rb:502:in `load_missing_constant'
  activesupport (3.2.12) lib/active_support/dependencies.rb:192:in `block in const_missing'
  activesupport (3.2.12) lib/active_support/dependencies.rb:190:in `each'
  activesupport (3.2.12) lib/active_support/dependencies.rb:190:in `const_missing'
  activesupport (3.2.12) lib/active_support/inflector/methods.rb:230:in `block in constantize'
  activesupport (3.2.12) lib/active_support/inflector/methods.rb:229:in `each'
  activesupport (3.2.12) lib/active_support/inflector/methods.rb:229:in `constantize'
  activesupport (3.2.12) lib/active_support/dependencies.rb:554:in `get'
  actionpack (3.2.12) lib/action_dispatch/routing/route_set.rb:69:in `controller_reference'
  actionpack (3.2.12) lib/action_dispatch/routing/route_set.rb:54:in `controller'
  actionpack (3.2.12) lib/action_dispatch/routing/route_set.rb:32:in `call'
  journey (1.0.4) lib/journey/router.rb:68:in `block in call'
  journey (1.0.4) lib/journey/router.rb:56:in `each'
  journey (1.0.4) lib/journey/router.rb:56:in `call'
  actionpack (3.2.12) lib/action_dispatch/routing/route_set.rb:601:in `call'
  warden (1.2.3) lib/warden/manager.rb:35:in `block in call'
  warden (1.2.3) lib/warden/manager.rb:34:in `catch'
  warden (1.2.3) lib/warden/manager.rb:34:in `call'
  actionpack (3.2.12) lib/action_dispatch/middleware/best_standards_support.rb:17:in `call'
  rack (1.4.5) lib/rack/etag.rb:23:in `call'
  rack (1.4.5) lib/rack/conditionalget.rb:35:in `call'
  actionpack (3.2.12) lib/action_dispatch/middleware/head.rb:14:in `call'
  actionpack (3.2.12) lib/action_dispatch/middleware/params_parser.rb:21:in `call'
  actionpack (3.2.12) lib/action_dispatch/middleware/flash.rb:242:in `call'
  rack (1.4.5) lib/rack/session/abstract/id.rb:210:in `context'
  rack (1.4.5) lib/rack/session/abstract/id.rb:205:in `call'
  actionpack (3.2.12) lib/action_dispatch/middleware/cookies.rb:341:in `call'
  activerecord (3.2.12) lib/active_record/query_cache.rb:64:in `call'
  activerecord (3.2.12) lib/active_record/connection_adapters/abstract/connection_pool.rb:479:in `call'
  actionpack (3.2.12) lib/action_dispatch/middleware/callbacks.rb:28:in `block in call'
  activesupport (3.2.12) lib/active_support/callbacks.rb:405:in `_run__3476070198982913054__call__1755503580842454872__callbacks'
  activesupport (3.2.12) lib/active_support/callbacks.rb:405:in `__run_callback'
  activesupport (3.2.12) lib/active_support/callbacks.rb:385:in `_run_call_callbacks'
  activesupport (3.2.12) lib/active_support/callbacks.rb:81:in `run_callbacks'
  actionpack (3.2.12) lib/action_dispatch/middleware/callbacks.rb:27:in `call'
  actionpack (3.2.12) lib/action_dispatch/middleware/reloader.rb:65:in `call'
  actionpack (3.2.12) lib/action_dispatch/middleware/remote_ip.rb:31:in `call'
  actionpack (3.2.12) lib/action_dispatch/middleware/debug_exceptions.rb:16:in `call'
  actionpack (3.2.12) lib/action_dispatch/middleware/show_exceptions.rb:56:in `call'
  railties (3.2.12) lib/rails/rack/logger.rb:32:in `call_app'
  railties (3.2.12) lib/rails/rack/logger.rb:16:in `block in call'
  activesupport (3.2.12) lib/active_support/tagged_logging.rb:22:in `tagged'
  railties (3.2.12) lib/rails/rack/logger.rb:16:in `call'
  actionpack (3.2.12) lib/action_dispatch/middleware/request_id.rb:22:in `call'
  rack (1.4.5) lib/rack/methodoverride.rb:21:in `call'
  rack (1.4.5) lib/rack/runtime.rb:17:in `call'
  activesupport (3.2.12) lib/active_support/cache/strategy/local_cache.rb:72:in `call'
  rack (1.4.5) lib/rack/lock.rb:15:in `call'
  actionpack (3.2.12) lib/action_dispatch/middleware/static.rb:62:in `call'
  railties (3.2.12) lib/rails/engine.rb:479:in `call'
  railties (3.2.12) lib/rails/application.rb:223:in `call'
  rack (1.4.5) lib/rack/content_length.rb:14:in `call'
  railties (3.2.12) lib/rails/rack/log_tailer.rb:17:in `call'
  rack (1.4.5) lib/rack/handler/webrick.rb:59:in `service'
  /Users/Thaddeus/.rvm/rubies/ruby-2.0.0-p247/lib/ruby/2.0.0/webrick/httpserver.rb:138:in `service'
  /Users/Thaddeus/.rvm/rubies/ruby-2.0.0-p247/lib/ruby/2.0.0/webrick/httpserver.rb:94:in `run'
  /Users/Thaddeus/.rvm/rubies/ruby-2.0.0-p247/lib/ruby/2.0.0/webrick/server.rb:295:in `block in start_thread'


  Rendered /Users/Thaddeus/.rvm/gems/ruby-2.0.0-p247/gems/actionpack-3.2.12/lib/action_dispatch/middleware/templates/rescues/_trace.erb (1.7ms)
  Rendered /Users/Thaddeus/.rvm/gems/ruby-2.0.0-p247/gems/actionpack-3.2.12/lib/action_dispatch/middleware/templates/rescues/_request_and_response.erb (1.0ms)
  Rendered /Users/Thaddeus/.rvm/gems/ruby-2.0.0-p247/gems/actionpack-3.2.12/lib/action_dispatch/middleware/templates/rescues/diagnostics.erb within rescues/layout (9.1ms)


Started GET "/posts/9/comments" for 127.0.0.1 at 2013-11-04 16:15:47 -0600
Processing by CommentsController#index as HTML
  Parameters: {"post_id"=>"9"}
  [1m[36mComment Load (0.1ms)[0m  [1mSELECT "comments".* FROM "comments" [0m
  Rendered comments/index.html.erb within layouts/application (22.7ms)
Completed 200 OK in 37ms (Views: 28.9ms | ActiveRecord: 0.5ms)


Started GET "/assets/comments.css?body=1" for 127.0.0.1 at 2013-11-04 16:15:47 -0600
Served asset /comments.css - 304 Not Modified (0ms)


Started GET "/assets/comments.js?body=1" for 127.0.0.1 at 2013-11-04 16:15:47 -0600
Served asset /comments.js - 304 Not Modified (0ms)


Started GET "/assets/jquery.js?body=1" for 127.0.0.1 at 2013-11-04 16:15:47 -0600
Served asset /jquery.js - 304 Not Modified (0ms)


Started GET "/assets/scaffolds.css?body=1" for 127.0.0.1 at 2013-11-04 16:15:47 -0600
Served asset /scaffolds.css - 304 Not Modified (0ms)


Started POST "/posts/9/comments" for 127.0.0.1 at 2013-11-04 16:15:54 -0600
Processing by CommentsController#create as HTML
  Parameters: {"utf8"=>"âœ“", "authenticity_token"=>"SZqY24ltrOjrnM3J1vRcrLSmNIzvTrMr7YQSkozw6vw=", "comment"=>{"commenter"=>"this is a ", "body"=>"tesstttttt.", "post"=>"#<Post:0x007f91adae4a98>"}, "commit"=>"Create Comment", "post_id"=>"9"}
Completed 500 Internal Server Error in 6ms

ActiveRecord::AssociationTypeMismatch (Post(#70131825023740) expected, got String(#70131816795180)):
  app/controllers/comments_controller.rb:43:in `new'
  app/controllers/comments_controller.rb:43:in `create'


  Rendered /Users/Thaddeus/.rvm/gems/ruby-2.0.0-p247/gems/actionpack-3.2.12/lib/action_dispatch/middleware/templates/rescues/_trace.erb (1.2ms)
  Rendered /Users/Thaddeus/.rvm/gems/ruby-2.0.0-p247/gems/actionpack-3.2.12/lib/action_dispatch/middleware/templates/rescues/_request_and_response.erb (1.1ms)
  Rendered /Users/Thaddeus/.rvm/gems/ruby-2.0.0-p247/gems/actionpack-3.2.12/lib/action_dispatch/middleware/templates/rescues/diagnostics.erb within rescues/layout (8.1ms)
Connecting to database specified by database.yml


Started GET "/" for 127.0.0.1 at 2013-11-19 18:37:47 -0600
Processing by PostsController#index as HTML
  [1m[36mPost Load (11.4ms)[0m  [1mSELECT "posts".* FROM "posts" [0m
  Rendered posts/index.html.erb within layouts/application (32.9ms)
Completed 200 OK in 261ms (Views: 197.9ms | ActiveRecord: 13.5ms)


Started GET "/assets/application.css?body=1" for 127.0.0.1 at 2013-11-19 18:37:47 -0600
Served asset /application.css - 200 OK (15ms)


Started GET "/assets/scaffolds.css?body=1" for 127.0.0.1 at 2013-11-19 18:37:47 -0600
Served asset /scaffolds.css - 200 OK (3ms)


Started GET "/assets/comments.css?body=1" for 127.0.0.1 at 2013-11-19 18:37:47 -0600
Served asset /comments.css - 200 OK (1ms)


Started GET "/assets/posts.css?body=1" for 127.0.0.1 at 2013-11-19 18:37:47 -0600
Served asset /posts.css - 200 OK (1ms)


Started GET "/assets/posts.js?body=1" for 127.0.0.1 at 2013-11-19 18:37:47 -0600
Served asset /posts.js - 200 OK (1ms)


Started GET "/assets/comments.js?body=1" for 127.0.0.1 at 2013-11-19 18:37:47 -0600
Served asset /comments.js - 200 OK (1ms)


Started GET "/assets/application.js?body=1" for 127.0.0.1 at 2013-11-19 18:37:47 -0600
Served asset /application.js - 200 OK (8ms)
Connecting to database specified by database.yml
Connecting to database specified by database.yml


Started GET "/" for 127.0.0.1 at 2013-11-19 18:40:55 -0600
Processing by PostsController#index as HTML
  [1m[35mPost Load (0.2ms)[0m  SELECT "posts".* FROM "posts" 
  Rendered posts/index.html.erb within layouts/application (216.2ms)
Completed 500 Internal Server Error in 231ms

ActionView::Template::Error (couldn't find file 'twitter-bootstrap-static/bootstrap'
  (in /Users/Thaddeus/Documents/github/onehitmusic/onehitmusic/app/assets/stylesheets/bootstrap_and_overrides.css:2)):
    2: <html>
    3: <head>
    4:   <title>Onehitmusic</title>
    5:   <%= stylesheet_link_tag    "application", :media => "all" %>
    6:   <%= javascript_include_tag "application" %>
    7:   <%= csrf_meta_tags %>
    8: </head>
  app/views/layouts/application.html.erb:5:in `_app_views_layouts_application_html_erb__733111462879845548_70111098146280'
  app/controllers/posts_controller.rb:7:in `index'


  Rendered /Users/Thaddeus/.rvm/gems/ruby-2.0.0-p247/gems/actionpack-3.2.12/lib/action_dispatch/middleware/templates/rescues/_trace.erb (2.1ms)
  Rendered /Users/Thaddeus/.rvm/gems/ruby-2.0.0-p247/gems/actionpack-3.2.12/lib/action_dispatch/middleware/templates/rescues/_request_and_response.erb (1.2ms)
  Rendered /Users/Thaddeus/.rvm/gems/ruby-2.0.0-p247/gems/actionpack-3.2.12/lib/action_dispatch/middleware/templates/rescues/template_error.erb within rescues/layout (13.0ms)


Started GET "/" for 127.0.0.1 at 2013-11-19 18:42:53 -0600
Processing by PostsController#index as HTML
  [1m[36mPost Load (0.2ms)[0m  [1mSELECT "posts".* FROM "posts" [0m
  Rendered posts/index.html.erb within layouts/application (6.3ms)
Completed 500 Internal Server Error in 19ms

ActionView::Template::Error (couldn't find file 'twitter-bootstrap-static/bootstrap'
  (in /Users/Thaddeus/Documents/github/onehitmusic/onehitmusic/app/assets/stylesheets/bootstrap_and_overrides.css:2)):
    2: <html>
    3: <head>
    4:   <title>Onehitmusic</title>
    5:   <%= stylesheet_link_tag    "application", :media => "all" %>
    6:   <%= javascript_include_tag "application" %>
    7:   <%= csrf_meta_tags %>
    8: </head>
  app/views/layouts/application.html.erb:5:in `_app_views_layouts_application_html_erb__733111462879845548_70111098146280'
  app/controllers/posts_controller.rb:7:in `index'


  Rendered /Users/Thaddeus/.rvm/gems/ruby-2.0.0-p247/gems/actionpack-3.2.12/lib/action_dispatch/middleware/templates/rescues/_trace.erb (1.1ms)
  Rendered /Users/Thaddeus/.rvm/gems/ruby-2.0.0-p247/gems/actionpack-3.2.12/lib/action_dispatch/middleware/templates/rescues/_request_and_response.erb (1.3ms)
  Rendered /Users/Thaddeus/.rvm/gems/ruby-2.0.0-p247/gems/actionpack-3.2.12/lib/action_dispatch/middleware/templates/rescues/template_error.erb within rescues/layout (8.5ms)


Started GET "/" for 127.0.0.1 at 2013-11-19 18:44:36 -0600
Processing by PostsController#index as HTML
  [1m[35mPost Load (0.2ms)[0m  SELECT "posts".* FROM "posts" 
  Rendered posts/index.html.erb within layouts/application (7.3ms)
Compiled bootstrap_and_overrides.css  (0ms)  (pid 1694)
Compiled application.css  (4ms)  (pid 1694)
Completed 500 Internal Server Error in 111ms

ActionView::Template::Error (couldn't find file 'twitter/bootstrap'
  (in /Users/Thaddeus/Documents/github/onehitmusic/onehitmusic/app/assets/javascripts/application.js:15)):
    3: <head>
    4:   <title>Onehitmusic</title>
    5:   <%= stylesheet_link_tag    "application", :media => "all" %>
    6:   <%= javascript_include_tag "application" %>
    7:   <%= csrf_meta_tags %>
    8: </head>
    9: <body>
  app/views/layouts/application.html.erb:6:in `_app_views_layouts_application_html_erb__733111462879845548_70111098146280'
  app/controllers/posts_controller.rb:7:in `index'


  Rendered /Users/Thaddeus/.rvm/gems/ruby-2.0.0-p247/gems/actionpack-3.2.12/lib/action_dispatch/middleware/templates/rescues/_trace.erb (1.1ms)
  Rendered /Users/Thaddeus/.rvm/gems/ruby-2.0.0-p247/gems/actionpack-3.2.12/lib/action_dispatch/middleware/templates/rescues/_request_and_response.erb (1.4ms)
  Rendered /Users/Thaddeus/.rvm/gems/ruby-2.0.0-p247/gems/actionpack-3.2.12/lib/action_dispatch/middleware/templates/rescues/template_error.erb within rescues/layout (7.9ms)


Started GET "/" for 127.0.0.1 at 2013-11-19 18:45:16 -0600
Processing by PostsController#index as HTML
  [1m[36mPost Load (0.2ms)[0m  [1mSELECT "posts".* FROM "posts" [0m
  Rendered posts/index.html.erb within layouts/application (7.8ms)
Compiled application.js  (1ms)  (pid 1694)
Completed 200 OK in 79ms (Views: 77.6ms | ActiveRecord: 0.2ms)


Started GET "/assets/bootstrap_and_overrides.css?body=1" for 127.0.0.1 at 2013-11-19 18:45:16 -0600
Served asset /bootstrap_and_overrides.css - 200 OK (28ms)
Connecting to database specified by database.yml


Started GET "/" for 127.0.0.1 at 2013-11-19 19:21:43 -0600
Processing by PostsController#index as HTML
  [1m[36mPost Load (14.1ms)[0m  [1mSELECT "posts".* FROM "posts" [0m
  Rendered posts/index.html.erb within layouts/application (39.5ms)
Completed 200 OK in 234ms (Views: 184.9ms | ActiveRecord: 15.7ms)


Started GET "/assets/application.css?body=1" for 127.0.0.1 at 2013-11-19 19:21:43 -0600
Served asset /application.css - 304 Not Modified (13ms)


Started GET "/assets/bootstrap_and_overrides.css?body=1" for 127.0.0.1 at 2013-11-19 19:21:43 -0600
Served asset /bootstrap_and_overrides.css - 304 Not Modified (1ms)


Started GET "/assets/comments.css?body=1" for 127.0.0.1 at 2013-11-19 19:21:43 -0600
Served asset /comments.css - 304 Not Modified (2ms)


Started GET "/assets/scaffolds.css?body=1" for 127.0.0.1 at 2013-11-19 19:21:43 -0600
Served asset /scaffolds.css - 304 Not Modified (25ms)


Started GET "/assets/posts.css?body=1" for 127.0.0.1 at 2013-11-19 19:21:43 -0600
Served asset /posts.css - 304 Not Modified (1ms)


Started GET "/assets/jquery.js?body=1" for 127.0.0.1 at 2013-11-19 19:21:43 -0600
Served asset /jquery.js - 200 OK (2ms)


Started GET "/assets/jquery_ujs.js?body=1" for 127.0.0.1 at 2013-11-19 19:21:43 -0600
Served asset /jquery_ujs.js - 200 OK (2ms)


Started GET "/assets/application.js?body=1" for 127.0.0.1 at 2013-11-19 19:21:43 -0600
Served asset /application.js - 200 OK (3ms)
Connecting to database specified by database.yml
Connecting to database specified by database.yml


Started GET "/" for 127.0.0.1 at 2013-11-20 10:23:12 -0600
Processing by PostsController#index as HTML
  [1m[36mPost Load (10.0ms)[0m  [1mSELECT "posts".* FROM "posts" [0m
  Rendered posts/index.html.erb within layouts/application (98.5ms)
Completed 500 Internal Server Error in 233ms

ActionView::Template::Error (undefined local variable or method `about_us_path' for #<#<Class:0x007f8c0e4f0e38>:0x007f8c0e4fbf40>):
    16: <%= nav_bar :fixed => :top, :brand => "Ninety Ten" do %>
    17:     <% menu_group do %>
    18:         <%= menu_item "Home", root_path %>
    19:         <%= menu_item "About Us", about_us_path %>
    20:         <%= menu_item "Contact", contact_path %>
    21:     <% end %>
    22:     <% if current_user %>
  app/views/posts/index.html.erb:19:in `block (2 levels) in _app_views_posts_index_html_erb___4375441295422969956_70119728512240'
  app/views/posts/index.html.erb:17:in `block in _app_views_posts_index_html_erb___4375441295422969956_70119728512240'
  app/views/posts/index.html.erb:16:in `_app_views_posts_index_html_erb___4375441295422969956_70119728512240'
  app/controllers/posts_controller.rb:7:in `index'


  Rendered /Users/Thaddeus/.rvm/gems/ruby-2.0.0-p247/gems/actionpack-3.2.12/lib/action_dispatch/middleware/templates/rescues/_trace.erb (1.4ms)
  Rendered /Users/Thaddeus/.rvm/gems/ruby-2.0.0-p247/gems/actionpack-3.2.12/lib/action_dispatch/middleware/templates/rescues/_request_and_response.erb (0.9ms)
  Rendered /Users/Thaddeus/.rvm/gems/ruby-2.0.0-p247/gems/actionpack-3.2.12/lib/action_dispatch/middleware/templates/rescues/template_error.erb within rescues/layout (10.5ms)


Started GET "/" for 127.0.0.1 at 2013-11-20 10:23:56 -0600
Processing by PostsController#index as HTML
  [1m[35mPost Load (0.2ms)[0m  SELECT "posts".* FROM "posts" 
  Rendered posts/index.html.erb within layouts/application (3.8ms)
Completed 500 Internal Server Error in 7ms

ActionView::Template::Error (wrong number of arguments (0 for 1+)):
    22:         <%= menu_item "Log Out", log_out_path %>
    23:     <% else %>
    24:         <% menu_group :pull => :right do %>
    25:             <%= menu_item "Sign Up", registration_path %>
    26:             <% form_for @user, :url => session_path(:user) do |f| -%>
    27:               <p><%= f.text_field :email %></p>
    28:               <p><%= f.password_field :password %></p>
  app/views/posts/index.html.erb:25:in `block (2 levels) in _app_views_posts_index_html_erb___4375441295422969956_70119755518580'
  app/views/posts/index.html.erb:24:in `block in _app_views_posts_index_html_erb___4375441295422969956_70119755518580'
  app/views/posts/index.html.erb:16:in `_app_views_posts_index_html_erb___4375441295422969956_70119755518580'
  app/controllers/posts_controller.rb:7:in `index'


  Rendered /Users/Thaddeus/.rvm/gems/ruby-2.0.0-p247/gems/actionpack-3.2.12/lib/action_dispatch/middleware/templates/rescues/_trace.erb (1.3ms)
  Rendered /Users/Thaddeus/.rvm/gems/ruby-2.0.0-p247/gems/actionpack-3.2.12/lib/action_dispatch/middleware/templates/rescues/_request_and_response.erb (1.1ms)
  Rendered /Users/Thaddeus/.rvm/gems/ruby-2.0.0-p247/gems/actionpack-3.2.12/lib/action_dispatch/middleware/templates/rescues/template_error.erb within rescues/layout (8.5ms)


Started GET "/" for 127.0.0.1 at 2013-11-20 10:24:47 -0600
Processing by PostsController#index as HTML
  [1m[36mPost Load (0.2ms)[0m  [1mSELECT "posts".* FROM "posts" [0m
  Rendered posts/index.html.erb within layouts/application (67.5ms)
Completed 200 OK in 235ms (Views: 233.7ms | ActiveRecord: 0.2ms)


Started GET "/assets/application.css?body=1" for 127.0.0.1 at 2013-11-20 10:24:47 -0600
Served asset /application.css - 304 Not Modified (15ms)


Started GET "/assets/bootstrap_and_overrides.css?body=1" for 127.0.0.1 at 2013-11-20 10:24:47 -0600
Served asset /bootstrap_and_overrides.css - 304 Not Modified (1ms)


Started GET "/assets/jquery_ujs.js?body=1" for 127.0.0.1 at 2013-11-20 10:24:47 -0600
Served asset /jquery_ujs.js - 304 Not Modified (2ms)


Started GET "/assets/comments.css?body=1" for 127.0.0.1 at 2013-11-20 10:24:47 -0600
Served asset /comments.css - 304 Not Modified (1ms)


Started GET "/assets/jquery.js?body=1" for 127.0.0.1 at 2013-11-20 10:24:47 -0600
Served asset /jquery.js - 304 Not Modified (2ms)


Started GET "/assets/application.js?body=1" for 127.0.0.1 at 2013-11-20 10:24:47 -0600
Served asset /application.js - 304 Not Modified (3ms)


Started GET "/assets/posts.css?body=1" for 127.0.0.1 at 2013-11-20 10:24:47 -0600
Served asset /posts.css - 304 Not Modified (1ms)


Started GET "/assets/scaffolds.css?body=1" for 127.0.0.1 at 2013-11-20 10:24:47 -0600
Served asset /scaffolds.css - 304 Not Modified (1ms)


Started GET "/" for 127.0.0.1 at 2013-11-20 16:02:57 -0600
Processing by PostsController#index as HTML
  [1m[35mPost Load (0.3ms)[0m  SELECT "posts".* FROM "posts" 
  Rendered posts/index.html.erb within layouts/application (6.6ms)
Completed 500 Internal Server Error in 145ms

ActionView::Template::Error (Invalid CSS after "...tatic/bootstrap": expected "/", was "/*"
  (in /Users/Thaddeus/Documents/github/onehitmusic/onehitmusic/app/assets/stylesheets/bootstrap_and_overrides.css.scss)):
    2: <html>
    3: <head>
    4:   <title>Onehitmusic</title>
    5:   <%= stylesheet_link_tag    "application", :media => "all" %>
    6:   <%= javascript_include_tag "application" %>
    7:   <%= csrf_meta_tags %>
    8: </head>
  app/assets/stylesheets/bootstrap_and_overrides.css.scss:1
  app/views/layouts/application.html.erb:5:in `_app_views_layouts_application_html_erb__437018654688638798_70119729203840'
  app/controllers/posts_controller.rb:7:in `index'


  Rendered /Users/Thaddeus/.rvm/gems/ruby-2.0.0-p247/gems/actionpack-3.2.12/lib/action_dispatch/middleware/templates/rescues/_trace.erb (1.2ms)
  Rendered /Users/Thaddeus/.rvm/gems/ruby-2.0.0-p247/gems/actionpack-3.2.12/lib/action_dispatch/middleware/templates/rescues/_request_and_response.erb (1.3ms)
  Rendered /Users/Thaddeus/.rvm/gems/ruby-2.0.0-p247/gems/actionpack-3.2.12/lib/action_dispatch/middleware/templates/rescues/template_error.erb within rescues/layout (9.5ms)


Started GET "/" for 127.0.0.1 at 2013-11-20 16:05:32 -0600
Processing by PostsController#index as HTML
  [1m[36mPost Load (0.2ms)[0m  [1mSELECT "posts".* FROM "posts" [0m
  Rendered posts/index.html.erb within layouts/application (8.2ms)
Completed 500 Internal Server Error in 46ms

ActionView::Template::Error (Invalid CSS after "...tatic/bootstrap": expected "/", was "/*"
  (in /Users/Thaddeus/Documents/github/onehitmusic/onehitmusic/app/assets/stylesheets/bootstrap_and_overrides.css.scss)):
    4:     <meta name="viewport" content="width=device-width, initial-scale=1.0">
    5:     <title><%= content_for?(:title) ? yield(:title) : "Rails Bootstrap" %></title>
    6:     <meta name="description" content="<%= content_for?(:description) ? yield(:description) : "Rails Bootstrap" %>">
    7:     <%= stylesheet_link_tag "application", :media => "all" %>
    8:     <%= javascript_include_tag "application" %>
    9:     <%= csrf_meta_tags %>
    10:   </head>
  app/assets/stylesheets/bootstrap_and_overrides.css.scss:1
  app/views/layouts/application.html.erb:7:in `_app_views_layouts_application_html_erb__437018654688638798_70119737008540'
  app/controllers/posts_controller.rb:7:in `index'


  Rendered /Users/Thaddeus/.rvm/gems/ruby-2.0.0-p247/gems/actionpack-3.2.12/lib/action_dispatch/middleware/templates/rescues/_trace.erb (1.1ms)
  Rendered /Users/Thaddeus/.rvm/gems/ruby-2.0.0-p247/gems/actionpack-3.2.12/lib/action_dispatch/middleware/templates/rescues/_request_and_response.erb (1.0ms)
  Rendered /Users/Thaddeus/.rvm/gems/ruby-2.0.0-p247/gems/actionpack-3.2.12/lib/action_dispatch/middleware/templates/rescues/template_error.erb within rescues/layout (7.2ms)
